#! /usr/bin/vvp
:ivl_version "10.1 (stable)";
:ivl_delay_selection "TYPICAL";
:vpi_time_precision + 0;
:vpi_module "system";
:vpi_module "vhdl_sys";
:vpi_module "v2005_math";
:vpi_module "va_math";
S_0x56214fcd67a0 .scope module, "test" "test" 2 1;
 .timescale 0 0;
v0x56214fd03bd0_0 .var "ic", 1 0;
v0x56214fd03cb0_0 .net "out", 0 0, L_0x56214fd051b0;  1 drivers
v0x56214fd03d80_0 .var "w", 0 0;
v0x56214fd03e80_0 .var "x", 0 0;
v0x56214fd03f50_0 .var "y", 0 0;
v0x56214fd03ff0_0 .var "z", 0 0;
S_0x56214fcd6920 .scope module, "mymux" "mux4" 2 8, 3 1 0, S_0x56214fcd67a0;
 .timescale 0 0;
    .port_info 0 /OUTPUT 1 "out"
    .port_info 1 /INPUT 1 "x"
    .port_info 2 /INPUT 1 "y"
    .port_info 3 /INPUT 1 "z"
    .port_info 4 /INPUT 1 "w"
    .port_info 5 /INPUT 2 "ic"
L_0x56214fd041e0 .functor NOT 1, L_0x56214fd040c0, C4<0>, C4<0>, C4<0>;
L_0x56214fd04340 .functor NOT 1, L_0x56214fd042a0, C4<0>, C4<0>, C4<0>;
L_0x56214fd04430 .functor AND 1, L_0x56214fd041e0, L_0x56214fd04340, C4<1>, C4<1>;
L_0x56214fd04540 .functor AND 1, L_0x56214fd04430, v0x56214fd03e80_0, C4<1>, C4<1>;
L_0x56214fd04780 .functor NOT 1, L_0x56214fd04650, C4<0>, C4<0>, C4<0>;
L_0x56214fd048c0 .functor AND 1, L_0x56214fd04780, L_0x56214fd047f0, C4<1>, C4<1>;
L_0x56214fd04a00 .functor AND 1, L_0x56214fd048c0, v0x56214fd03f50_0, C4<1>, C4<1>;
L_0x56214fd04b10 .functor OR 1, L_0x56214fd04540, L_0x56214fd04a00, C4<0>, C4<0>;
L_0x56214fd04db0 .functor NOT 1, L_0x56214fd04d10, C4<0>, C4<0>, C4<0>;
L_0x56214fd04e70 .functor AND 1, L_0x56214fd04c70, L_0x56214fd04db0, C4<1>, C4<1>;
L_0x56214fd04fe0 .functor AND 1, L_0x56214fd04e70, v0x56214fd03ff0_0, C4<1>, C4<1>;
L_0x56214fd050a0 .functor OR 1, L_0x56214fd04b10, L_0x56214fd04fe0, C4<0>, C4<0>;
L_0x56214fd05470 .functor AND 1, L_0x56214fd05220, L_0x56214fd053d0, C4<1>, C4<1>;
L_0x56214fd05580 .functor AND 1, L_0x56214fd05470, v0x56214fd03d80_0, C4<1>, C4<1>;
L_0x56214fd051b0 .functor OR 1, L_0x56214fd050a0, L_0x56214fd05580, C4<0>, C4<0>;
v0x56214fce0740_0 .net *"_s1", 0 0, L_0x56214fd040c0;  1 drivers
v0x56214fd02250_0 .net *"_s10", 0 0, L_0x56214fd04540;  1 drivers
v0x56214fd02330_0 .net *"_s13", 0 0, L_0x56214fd04650;  1 drivers
v0x56214fd02420_0 .net *"_s14", 0 0, L_0x56214fd04780;  1 drivers
v0x56214fd02500_0 .net *"_s17", 0 0, L_0x56214fd047f0;  1 drivers
v0x56214fd02630_0 .net *"_s18", 0 0, L_0x56214fd048c0;  1 drivers
v0x56214fd02710_0 .net *"_s2", 0 0, L_0x56214fd041e0;  1 drivers
v0x56214fd027f0_0 .net *"_s20", 0 0, L_0x56214fd04a00;  1 drivers
v0x56214fd028d0_0 .net *"_s22", 0 0, L_0x56214fd04b10;  1 drivers
v0x56214fd02a40_0 .net *"_s25", 0 0, L_0x56214fd04c70;  1 drivers
v0x56214fd02b20_0 .net *"_s27", 0 0, L_0x56214fd04d10;  1 drivers
v0x56214fd02c00_0 .net *"_s28", 0 0, L_0x56214fd04db0;  1 drivers
v0x56214fd02ce0_0 .net *"_s30", 0 0, L_0x56214fd04e70;  1 drivers
v0x56214fd02dc0_0 .net *"_s32", 0 0, L_0x56214fd04fe0;  1 drivers
v0x56214fd02ea0_0 .net *"_s34", 0 0, L_0x56214fd050a0;  1 drivers
v0x56214fd02f80_0 .net *"_s37", 0 0, L_0x56214fd05220;  1 drivers
v0x56214fd03060_0 .net *"_s39", 0 0, L_0x56214fd053d0;  1 drivers
v0x56214fd03210_0 .net *"_s40", 0 0, L_0x56214fd05470;  1 drivers
v0x56214fd032b0_0 .net *"_s42", 0 0, L_0x56214fd05580;  1 drivers
v0x56214fd03390_0 .net *"_s5", 0 0, L_0x56214fd042a0;  1 drivers
v0x56214fd03470_0 .net *"_s6", 0 0, L_0x56214fd04340;  1 drivers
v0x56214fd03550_0 .net *"_s8", 0 0, L_0x56214fd04430;  1 drivers
v0x56214fd03630_0 .net "ic", 1 0, v0x56214fd03bd0_0;  1 drivers
v0x56214fd03710_0 .net "out", 0 0, L_0x56214fd051b0;  alias, 1 drivers
v0x56214fd037d0_0 .net "w", 0 0, v0x56214fd03d80_0;  1 drivers
v0x56214fd03890_0 .net "x", 0 0, v0x56214fd03e80_0;  1 drivers
v0x56214fd03950_0 .net "y", 0 0, v0x56214fd03f50_0;  1 drivers
v0x56214fd03a10_0 .net "z", 0 0, v0x56214fd03ff0_0;  1 drivers
L_0x56214fd040c0 .part v0x56214fd03bd0_0, 0, 1;
L_0x56214fd042a0 .part v0x56214fd03bd0_0, 1, 1;
L_0x56214fd04650 .part v0x56214fd03bd0_0, 0, 1;
L_0x56214fd047f0 .part v0x56214fd03bd0_0, 1, 1;
L_0x56214fd04c70 .part v0x56214fd03bd0_0, 0, 1;
L_0x56214fd04d10 .part v0x56214fd03bd0_0, 1, 1;
L_0x56214fd05220 .part v0x56214fd03bd0_0, 0, 1;
L_0x56214fd053d0 .part v0x56214fd03bd0_0, 1, 1;
    .scope S_0x56214fcd67a0;
T_0 ;
    %vpi_call 2 12 "$dumpfile", "test.vcd" {0 0 0};
    %vpi_call 2 13 "$dumpvars" {0 0 0};
    %pushi/vec4 1, 0, 1;
    %store/vec4 v0x56214fd03e80_0, 0, 1;
    %pushi/vec4 0, 0, 1;
    %store/vec4 v0x56214fd03f50_0, 0, 1;
    %pushi/vec4 0, 0, 1;
    %store/vec4 v0x56214fd03ff0_0, 0, 1;
    %pushi/vec4 0, 0, 1;
    %store/vec4 v0x56214fd03d80_0, 0, 1;
    %pushi/vec4 0, 0, 1;
    %ix/load 4, 0, 0;
    %flag_set/imm 4, 0;
    %store/vec4 v0x56214fd03bd0_0, 4, 1;
    %pushi/vec4 0, 0, 1;
    %ix/load 4, 1, 0;
    %flag_set/imm 4, 0;
    %store/vec4 v0x56214fd03bd0_0, 4, 1;
    %delay 5, 0;
    %pushi/vec4 0, 0, 1;
    %store/vec4 v0x56214fd03e80_0, 0, 1;
    %pushi/vec4 0, 0, 1;
    %store/vec4 v0x56214fd03f50_0, 0, 1;
    %pushi/vec4 1, 0, 1;
    %store/vec4 v0x56214fd03ff0_0, 0, 1;
    %pushi/vec4 0, 0, 1;
    %store/vec4 v0x56214fd03d80_0, 0, 1;
    %pushi/vec4 1, 0, 1;
    %ix/load 4, 0, 0;
    %flag_set/imm 4, 0;
    %store/vec4 v0x56214fd03bd0_0, 4, 1;
    %pushi/vec4 1, 0, 1;
    %ix/load 4, 1, 0;
    %flag_set/imm 4, 0;
    %store/vec4 v0x56214fd03bd0_0, 4, 1;
    %delay 5, 0;
    %pushi/vec4 1, 0, 1;
    %store/vec4 v0x56214fd03d80_0, 0, 1;
    %delay 3, 0;
    %vpi_call 2 22 "$finish" {0 0 0};
    %end;
    .thread T_0;
# The file index is used to find the file name in the following table.
:file_names 4;
    "N/A";
    "<interactive>";
    "test.v";
    "mux4.sv";
