#! /usr/bin/vvp
:ivl_version "10.1 (stable)";
:ivl_delay_selection "TYPICAL";
:vpi_time_precision + 0;
:vpi_module "system";
:vpi_module "vhdl_sys";
:vpi_module "v2005_math";
:vpi_module "va_math";
S_0x564e7ca56a50 .scope module, "test" "test" 2 1;
 .timescale 0 0;
v0x564e7ca77bb0_0 .var "ic", 0 0;
v0x564e7ca77c70_0 .var "in", 1 0;
v0x564e7ca77d30_0 .net "out", 0 0, L_0x564e7ca780d0;  1 drivers
L_0x564e7ca78230 .part v0x564e7ca77c70_0, 0, 1;
L_0x564e7ca782d0 .part v0x564e7ca77c70_0, 1, 1;
S_0x564e7ca562e0 .scope module, "mymux" "mux" 2 7, 3 1 0, S_0x564e7ca56a50;
 .timescale 0 0;
    .port_info 0 /OUTPUT 1 "z"
    .port_info 1 /INPUT 1 "x"
    .port_info 2 /INPUT 1 "y"
    .port_info 3 /INPUT 1 "ic"
L_0x564e7ca77e30 .functor NOT 1, v0x564e7ca77bb0_0, C4<0>, C4<0>, C4<0>;
L_0x564e7ca77f20 .functor AND 1, L_0x564e7ca77e30, L_0x564e7ca78230, C4<1>, C4<1>;
L_0x564e7ca77fe0 .functor AND 1, v0x564e7ca77bb0_0, L_0x564e7ca78230, C4<1>, C4<1>;
L_0x564e7ca780d0 .functor OR 1, L_0x564e7ca77f20, L_0x564e7ca77fe0, C4<0>, C4<0>;
v0x564e7ca56fb0_0 .net *"_s0", 0 0, L_0x564e7ca77e30;  1 drivers
v0x564e7ca77610_0 .net *"_s2", 0 0, L_0x564e7ca77f20;  1 drivers
v0x564e7ca776f0_0 .net *"_s4", 0 0, L_0x564e7ca77fe0;  1 drivers
v0x564e7ca777e0_0 .net "ic", 0 0, v0x564e7ca77bb0_0;  1 drivers
v0x564e7ca778a0_0 .net "x", 0 0, L_0x564e7ca78230;  1 drivers
v0x564e7ca779b0_0 .net "y", 0 0, L_0x564e7ca782d0;  1 drivers
v0x564e7ca77a70_0 .net "z", 0 0, L_0x564e7ca780d0;  alias, 1 drivers
    .scope S_0x564e7ca56a50;
T_0 ;
    %vpi_call 2 11 "$dumpfile", "test.vcd" {0 0 0};
    %vpi_call 2 12 "$dumpvars" {0 0 0};
    %pushi/vec4 1, 0, 1;
    %ix/load 4, 0, 0;
    %flag_set/imm 4, 0;
    %store/vec4 v0x564e7ca77c70_0, 4, 1;
    %pushi/vec4 0, 0, 1;
    %ix/load 4, 1, 0;
    %flag_set/imm 4, 0;
    %store/vec4 v0x564e7ca77c70_0, 4, 1;
    %pushi/vec4 0, 0, 1;
    %store/vec4 v0x564e7ca77bb0_0, 0, 1;
    %delay 5, 0;
    %vpi_call 2 18 "$finish" {0 0 0};
    %end;
    .thread T_0;
# The file index is used to find the file name in the following table.
:file_names 4;
    "N/A";
    "<interactive>";
    "test.v";
    "mux.v";
