#! /usr/bin/vvp
:ivl_version "10.1 (stable)";
:ivl_delay_selection "TYPICAL";
:vpi_time_precision + 0;
:vpi_module "system";
:vpi_module "vhdl_sys";
:vpi_module "v2005_math";
:vpi_module "va_math";
S_0x55c3e3984b50 .scope module, "test" "test" 2 1;
 .timescale 0 0;
v0x55c3e39e0600_0 .var "x", 0 1;
v0x55c3e39e06c0_0 .net "z", 0 0, L_0x55c3e39e0eb0;  1 drivers
S_0x55c3e3984cd0 .scope module, "myconf" "conf" 2 7, 3 1 0, S_0x55c3e3984b50;
 .timescale 0 0;
    .port_info 0 /OUTPUT 1 "z"
    .port_info 1 /INPUT 2 "x"
L_0x55c3e39e0860 .functor NOT 1, L_0x55c3e39e0790, C4<0>, C4<0>, C4<0>;
L_0x55c3e39e09c0 .functor NOT 1, L_0x55c3e39e0920, C4<0>, C4<0>, C4<0>;
L_0x55c3e39e0ab0 .functor AND 1, L_0x55c3e39e0860, L_0x55c3e39e09c0, C4<1>, C4<1>;
L_0x55c3e39e0dc0 .functor AND 1, L_0x55c3e39e0bc0, L_0x55c3e39e0cf0, C4<1>, C4<1>;
L_0x55c3e39e0eb0 .functor OR 1, L_0x55c3e39e0ab0, L_0x55c3e39e0dc0, C4<0>, C4<0>;
v0x55c3e3984ea0_0 .net *"_s1", 0 0, L_0x55c3e39e0790;  1 drivers
v0x55c3e39dfcf0_0 .net *"_s11", 0 0, L_0x55c3e39e0bc0;  1 drivers
v0x55c3e39dfdd0_0 .net *"_s13", 0 0, L_0x55c3e39e0cf0;  1 drivers
v0x55c3e39dfec0_0 .net *"_s14", 0 0, L_0x55c3e39e0dc0;  1 drivers
v0x55c3e39dffa0_0 .net *"_s2", 0 0, L_0x55c3e39e0860;  1 drivers
v0x55c3e39e00d0_0 .net *"_s5", 0 0, L_0x55c3e39e0920;  1 drivers
v0x55c3e39e01b0_0 .net *"_s6", 0 0, L_0x55c3e39e09c0;  1 drivers
v0x55c3e39e0290_0 .net *"_s8", 0 0, L_0x55c3e39e0ab0;  1 drivers
v0x55c3e39e0370_0 .net "x", 0 1, v0x55c3e39e0600_0;  1 drivers
v0x55c3e39e04e0_0 .net "z", 0 0, L_0x55c3e39e0eb0;  alias, 1 drivers
L_0x55c3e39e0790 .part v0x55c3e39e0600_0, 1, 1;
L_0x55c3e39e0920 .part v0x55c3e39e0600_0, 0, 1;
L_0x55c3e39e0bc0 .part v0x55c3e39e0600_0, 1, 1;
L_0x55c3e39e0cf0 .part v0x55c3e39e0600_0, 0, 1;
    .scope S_0x55c3e3984b50;
T_0 ;
    %vpi_call 2 11 "$dumpfile", "test.vcd" {0 0 0};
    %vpi_call 2 12 "$dumpvars" {0 0 0};
    %pushi/vec4 0, 0, 1;
    %ix/load 4, 1, 0;
    %flag_set/imm 4, 0;
    %store/vec4 v0x55c3e39e0600_0, 4, 1;
    %pushi/vec4 0, 0, 1;
    %ix/load 4, 0, 0;
    %flag_set/imm 4, 0;
    %store/vec4 v0x55c3e39e0600_0, 4, 1;
    %delay 5, 0;
    %pushi/vec4 1, 0, 1;
    %ix/load 4, 1, 0;
    %flag_set/imm 4, 0;
    %store/vec4 v0x55c3e39e0600_0, 4, 1;
    %delay 5, 0;
    %pushi/vec4 1, 0, 1;
    %ix/load 4, 1, 0;
    %flag_set/imm 4, 0;
    %store/vec4 v0x55c3e39e0600_0, 4, 1;
    %pushi/vec4 1, 0, 1;
    %ix/load 4, 0, 0;
    %flag_set/imm 4, 0;
    %store/vec4 v0x55c3e39e0600_0, 4, 1;
    %delay 5, 0;
    %vpi_call 2 22 "$finish" {0 0 0};
    %end;
    .thread T_0;
# The file index is used to find the file name in the following table.
:file_names 4;
    "N/A";
    "<interactive>";
    "test.v";
    "cf.sv";
