This is pdfTeX, Version 3.14159265-2.6-1.40.20 (TeX Live 2019/Debian) (preloaded format=pdflatex 2020.9.15)  16 DEC 2020 13:23
entering extended mode
 restricted \write18 enabled.
 %&-line parsing enabled.
**relazione.tex relazione.pdf
(./relazione.tex
LaTeX2e <2020-02-02> patch level 2
L3 programming layer <2020-02-14>
(/usr/share/texlive/texmf-dist/tex/latex/base/article.cls
Document Class: article 2019/12/20 v1.4l Standard LaTeX document class
(/usr/share/texlive/texmf-dist/tex/latex/base/size12.clo
File: size12.clo 2019/12/20 v1.4l Standard LaTeX file (size option)
)
\c@part=\count167
\c@section=\count168
\c@subsection=\count169
\c@subsubsection=\count170
\c@paragraph=\count171
\c@subparagraph=\count172
\c@figure=\count173
\c@table=\count174
\abovecaptionskip=\skip47
\belowcaptionskip=\skip48
\bibindent=\dimen134
)
(/usr/share/texlive/texmf-dist/tex/latex/geometry/geometry.sty
Package: geometry 2020/01/02 v5.9 Page Geometry

(/usr/share/texlive/texmf-dist/tex/latex/graphics/keyval.sty
Package: keyval 2014/10/28 v1.15 key=value parser (DPC)
\KV@toks@=\toks14
)
(/usr/share/texlive/texmf-dist/tex/generic/iftex/ifvtex.sty
Package: ifvtex 2019/10/25 v1.7 ifvtex legacy package. Use iftex instead.

(/usr/share/texlive/texmf-dist/tex/generic/iftex/iftex.sty
Package: iftex 2019/11/07 v1.0c TeX engine tests
))
\Gm@cnth=\count175
\Gm@cntv=\count176
\c@Gm@tempcnt=\count177
\Gm@bindingoffset=\dimen135
\Gm@wd@mp=\dimen136
\Gm@odd@mp=\dimen137
\Gm@even@mp=\dimen138
\Gm@layoutwidth=\dimen139
\Gm@layoutheight=\dimen140
\Gm@layouthoffset=\dimen141
\Gm@layoutvoffset=\dimen142
\Gm@dimlist=\toks15
)
(/usr/share/texlive/texmf-dist/tex/latex/amsmath/amsmath.sty
Package: amsmath 2020/01/20 v2.17e AMS math features
\@mathmargin=\skip49

For additional information on amsmath, use the `?' option.
(/usr/share/texlive/texmf-dist/tex/latex/amsmath/amstext.sty
Package: amstext 2000/06/29 v2.01 AMS text

(/usr/share/texlive/texmf-dist/tex/latex/amsmath/amsgen.sty
File: amsgen.sty 1999/11/30 v2.0 generic functions
\@emptytoks=\toks16
\ex@=\dimen143
))
(/usr/share/texlive/texmf-dist/tex/latex/amsmath/amsbsy.sty
Package: amsbsy 1999/11/29 v1.2d Bold Symbols
\pmbraise@=\dimen144
)
(/usr/share/texlive/texmf-dist/tex/latex/amsmath/amsopn.sty
Package: amsopn 2016/03/08 v2.02 operator names
)
\inf@bad=\count178
LaTeX Info: Redefining \frac on input line 227.
\uproot@=\count179
\leftroot@=\count180
LaTeX Info: Redefining \overline on input line 389.
\classnum@=\count181
\DOTSCASE@=\count182
LaTeX Info: Redefining \ldots on input line 486.
LaTeX Info: Redefining \dots on input line 489.
LaTeX Info: Redefining \cdots on input line 610.
\Mathstrutbox@=\box45
\strutbox@=\box46
\big@size=\dimen145
LaTeX Font Info:    Redeclaring font encoding OML on input line 733.
LaTeX Font Info:    Redeclaring font encoding OMS on input line 734.
\macc@depth=\count183
\c@MaxMatrixCols=\count184
\dotsspace@=\muskip16
\c@parentequation=\count185
\dspbrk@lvl=\count186
\tag@help=\toks17
\row@=\count187
\column@=\count188
\maxfields@=\count189
\andhelp@=\toks18
\eqnshift@=\dimen146
\alignsep@=\dimen147
\tagshift@=\dimen148
\tagwidth@=\dimen149
\totwidth@=\dimen150
\lineht@=\dimen151
\@envbody=\toks19
\multlinegap=\skip50
\multlinetaggap=\skip51
\mathdisplay@stack=\toks20
LaTeX Info: Redefining \[ on input line 2859.
LaTeX Info: Redefining \] on input line 2860.
)
(/usr/share/texlive/texmf-dist/tex/latex/amsfonts/amssymb.sty
Package: amssymb 2013/01/14 v3.01 AMS font symbols

(/usr/share/texlive/texmf-dist/tex/latex/amsfonts/amsfonts.sty
Package: amsfonts 2013/01/14 v3.01 Basic AMSFonts support
\symAMSa=\mathgroup4
\symAMSb=\mathgroup5
LaTeX Font Info:    Redeclaring math symbol \hbar on input line 98.
LaTeX Font Info:    Overwriting math alphabet `\mathfrak' in version `bold'
(Font)                  U/euf/m/n --> U/euf/b/n on input line 106.
))
(/usr/share/texlive/texmf-dist/tex/latex/graphics/graphicx.sty
Package: graphicx 2019/11/30 v1.2a Enhanced LaTeX Graphics (DPC,SPQR)

(/usr/share/texlive/texmf-dist/tex/latex/graphics/graphics.sty
Package: graphics 2019/11/30 v1.4a Standard LaTeX Graphics (DPC,SPQR)

(/usr/share/texlive/texmf-dist/tex/latex/graphics/trig.sty
Package: trig 2016/01/03 v1.10 sin cos tan (DPC)
)
(/usr/share/texlive/texmf-dist/tex/latex/graphics-cfg/graphics.cfg
File: graphics.cfg 2016/06/04 v1.11 sample graphics configuration
)
Package graphics Info: Driver file: pdftex.def on input line 105.

(/usr/share/texlive/texmf-dist/tex/latex/graphics-def/pdftex.def
File: pdftex.def 2018/01/08 v1.0l Graphics/color driver for pdftex
))
\Gin@req@height=\dimen152
\Gin@req@width=\dimen153
)
(/usr/share/texlive/texmf-dist/tex/latex/biblatex/biblatex.sty
Package: biblatex 2019/12/01 v3.14 programmable bibliographies (PK/MW)

(/usr/share/texlive/texmf-dist/tex/latex/pdftexcmds/pdftexcmds.sty
Package: pdftexcmds 2019/11/24 v0.31 Utility functions of pdfTeX for LuaTeX (HO
)

(/usr/share/texlive/texmf-dist/tex/generic/infwarerr/infwarerr.sty
Package: infwarerr 2019/12/03 v1.5 Providing info/warning/error messages (HO)
)
(/usr/share/texlive/texmf-dist/tex/generic/ltxcmds/ltxcmds.sty
Package: ltxcmds 2019/12/15 v1.24 LaTeX kernel commands for general use (HO)
)
Package pdftexcmds Info: \pdf@primitive is available.
Package pdftexcmds Info: \pdf@ifprimitive is available.
Package pdftexcmds Info: \pdfdraftmode found.
)
(/usr/share/texlive/texmf-dist/tex/latex/etoolbox/etoolbox.sty
Package: etoolbox 2019/09/21 v2.5h e-TeX tools for LaTeX (JAW)
\etb@tempcnta=\count190
)
(/usr/share/texlive/texmf-dist/tex/latex/kvoptions/kvoptions.sty
Package: kvoptions 2019/11/29 v3.13 Key value format for package options (HO)

(/usr/share/texlive/texmf-dist/tex/generic/kvsetkeys/kvsetkeys.sty
Package: kvsetkeys 2019/12/15 v1.18 Key value parser (HO)
))
(/usr/share/texlive/texmf-dist/tex/latex/logreq/logreq.sty
Package: logreq 2010/08/04 v1.0 xml request logger
\lrq@indent=\count191

(/usr/share/texlive/texmf-dist/tex/latex/logreq/logreq.def
File: logreq.def 2010/08/04 v1.0 logreq spec v1.0
))
(/usr/share/texlive/texmf-dist/tex/latex/base/ifthen.sty
Package: ifthen 2014/09/29 v1.1c Standard LaTeX ifthen package (DPC)
)
(/usr/share/texlive/texmf-dist/tex/latex/url/url.sty
\Urlmuskip=\muskip17
Package: url 2013/09/16  ver 3.4  Verb mode for urls, etc.
)
\c@tabx@nest=\count192
\c@listtotal=\count193
\c@listcount=\count194
\c@liststart=\count195
\c@liststop=\count196
\c@citecount=\count197
\c@citetotal=\count198
\c@multicitecount=\count199
\c@multicitetotal=\count266
\c@instcount=\count267
\c@maxnames=\count268
\c@minnames=\count269
\c@maxitems=\count270
\c@minitems=\count271
\c@citecounter=\count272
\c@maxcitecounter=\count273
\c@savedcitecounter=\count274
\c@uniquelist=\count275
\c@uniquename=\count276
\c@refsection=\count277
\c@refsegment=\count278
\c@maxextratitle=\count279
\c@maxextratitleyear=\count280
\c@maxextraname=\count281
\c@maxextradate=\count282
\c@maxextraalpha=\count283
\c@abbrvpenalty=\count284
\c@highnamepenalty=\count285
\c@lownamepenalty=\count286
\c@maxparens=\count287
\c@parenlevel=\count288
\blx@tempcnta=\count289
\blx@tempcntb=\count290
\blx@tempcntc=\count291
\blx@maxsection=\count292
\blx@maxsegment@0=\count293
\blx@notetype=\count294
\blx@parenlevel@text=\count295
\blx@parenlevel@foot=\count296
\blx@sectionciteorder@0=\count297
\blx@entrysetcounter=\count298
\labelnumberwidth=\skip52
\labelalphawidth=\skip53
\biblabelsep=\skip54
\bibitemsep=\skip55
\bibnamesep=\skip56
\bibinitsep=\skip57
\bibparsep=\skip58
\bibhang=\skip59
\blx@bcfin=\read2
\blx@bcfout=\write3
\blx@langwohyphens=\language4
\c@mincomprange=\count299
\c@maxcomprange=\count300
\c@mincompwidth=\count301
Package biblatex Info: Trying to load biblatex default data model...
Package biblatex Info: ... file 'blx-dm.def' found.

(/usr/share/texlive/texmf-dist/tex/latex/biblatex/blx-dm.def
File: blx-dm.def 2019/12/01 v3.14 biblatex localization (PK/MW)
)
Package biblatex Info: Trying to load biblatex style data model...
Package biblatex Info: ... file 'alphabetic.dbx' not found.
Package biblatex Info: Trying to load biblatex custom data model...
Package biblatex Info: ... file 'biblatex-dm.cfg' not found.
\c@afterword=\count302
\c@savedafterword=\count303
\c@annotator=\count304
\c@savedannotator=\count305
\c@author=\count306
\c@savedauthor=\count307
\c@bookauthor=\count308
\c@savedbookauthor=\count309
\c@commentator=\count310
\c@savedcommentator=\count311
\c@editor=\count312
\c@savededitor=\count313
\c@editora=\count314
\c@savededitora=\count315
\c@editorb=\count316
\c@savededitorb=\count317
\c@editorc=\count318
\c@savededitorc=\count319
\c@foreword=\count320
\c@savedforeword=\count321
\c@holder=\count322
\c@savedholder=\count323
\c@introduction=\count324
\c@savedintroduction=\count325
\c@namea=\count326
\c@savednamea=\count327
\c@nameb=\count328
\c@savednameb=\count329
\c@namec=\count330
\c@savednamec=\count331
\c@translator=\count332
\c@savedtranslator=\count333
\c@shortauthor=\count334
\c@savedshortauthor=\count335
\c@shorteditor=\count336
\c@savedshorteditor=\count337
\c@labelname=\count338
\c@savedlabelname=\count339
\c@institution=\count340
\c@savedinstitution=\count341
\c@lista=\count342
\c@savedlista=\count343
\c@listb=\count344
\c@savedlistb=\count345
\c@listc=\count346
\c@savedlistc=\count347
\c@listd=\count348
\c@savedlistd=\count349
\c@liste=\count350
\c@savedliste=\count351
\c@listf=\count352
\c@savedlistf=\count353
\c@location=\count354
\c@savedlocation=\count355
\c@organization=\count356
\c@savedorganization=\count357
\c@origlocation=\count358
\c@savedoriglocation=\count359
\c@origpublisher=\count360
\c@savedorigpublisher=\count361
\c@publisher=\count362
\c@savedpublisher=\count363
\c@language=\count364
\c@savedlanguage=\count365
\c@origlanguage=\count366
\c@savedoriglanguage=\count367
\c@pageref=\count368
\c@savedpageref=\count369
\shorthandwidth=\skip60
\shortjournalwidth=\skip61
\shortserieswidth=\skip62
\shorttitlewidth=\skip63
\shortauthorwidth=\skip64
\shorteditorwidth=\skip65
\locallabelnumberwidth=\skip66
\locallabelalphawidth=\skip67
\localshorthandwidth=\skip68
\localshortjournalwidth=\skip69
\localshortserieswidth=\skip70
\localshorttitlewidth=\skip71
\localshortauthorwidth=\skip72
\localshorteditorwidth=\skip73
Package biblatex Info: Trying to load compatibility code...
Package biblatex Info: ... file 'blx-compat.def' found.

(/usr/share/texlive/texmf-dist/tex/latex/biblatex/blx-compat.def
File: blx-compat.def 2019/12/01 v3.14 biblatex compatibility (PK/MW)
)
Package biblatex Info: Trying to load generic definitions...
Package biblatex Info: ... file 'biblatex.def' found.

(/usr/share/texlive/texmf-dist/tex/latex/biblatex/biblatex.def
File: biblatex.def 2019/12/01 v3.14 biblatex compatibility (PK/MW)
\c@textcitecount=\count370
\c@textcitetotal=\count371
\c@textcitemaxnames=\count372
\c@biburlbigbreakpenalty=\count373
\c@biburlbreakpenalty=\count374
\c@biburlnumpenalty=\count375
\c@biburlucpenalty=\count376
\c@biburllcpenalty=\count377
\biburlbigskip=\muskip18
\biburlnumskip=\muskip19
\biburlucskip=\muskip20
\biburllcskip=\muskip21
\c@smartand=\count378
)
Package biblatex Info: Trying to load bibliography style 'alphabetic'...
Package biblatex Info: ... file 'alphabetic.bbx' found.

(/usr/share/texlive/texmf-dist/tex/latex/biblatex/bbx/alphabetic.bbx
File: alphabetic.bbx 2019/12/01 v3.14 biblatex bibliography style (PK/MW)
Package biblatex Info: Trying to load bibliography style 'standard'...
Package biblatex Info: ... file 'standard.bbx' found.

(/usr/share/texlive/texmf-dist/tex/latex/biblatex/bbx/standard.bbx
File: standard.bbx 2019/12/01 v3.14 biblatex bibliography style (PK/MW)
\c@bbx:relatedcount=\count379
\c@bbx:relatedtotal=\count380
))
Package biblatex Info: Trying to load citation style 'alphabetic'...
Package biblatex Info: ... file 'alphabetic.cbx' found.

(/usr/share/texlive/texmf-dist/tex/latex/biblatex/cbx/alphabetic.cbx
File: alphabetic.cbx 2019/12/01 v3.14 biblatex citation style (PK/MW)
Package biblatex Info: Redefining '\cite'.
Package biblatex Info: Redefining '\parencite'.
Package biblatex Info: Redefining '\footcite'.
Package biblatex Info: Redefining '\footcitetext'.
Package biblatex Info: Redefining '\smartcite'.
Package biblatex Info: Redefining '\textcite'.
Package biblatex Info: Redefining '\textcites'.
Package biblatex Info: Redefining '\cites'.
Package biblatex Info: Redefining '\parencites'.
Package biblatex Info: Redefining '\smartcites'.
)
Package biblatex Info: Trying to load configuration file...
Package biblatex Info: ... file 'biblatex.cfg' found.

(/usr/share/texlive/texmf-dist/tex/latex/biblatex/biblatex.cfg
File: biblatex.cfg 
))
\c@theorem=\count381
\c@definition=\count382
\@quotelevel=\count383
\@quotereset=\count384

(/usr/share/texlive/texmf-dist/tex/latex/l3backend/l3backend-pdfmode.def
File: l3backend-pdfmode.def 2020-02-03 L3 backend support: PDF mode
\l__kernel_color_stack_int=\count385
\l__pdf_internal_box=\box47
)
(./relazione.aux)
\openout1 = `relazione.aux'.

LaTeX Font Info:    Checking defaults for OML/cmm/m/it on input line 20.
LaTeX Font Info:    ... okay on input line 20.
LaTeX Font Info:    Checking defaults for OMS/cmsy/m/n on input line 20.
LaTeX Font Info:    ... okay on input line 20.
LaTeX Font Info:    Checking defaults for OT1/cmr/m/n on input line 20.
LaTeX Font Info:    ... okay on input line 20.
LaTeX Font Info:    Checking defaults for T1/cmr/m/n on input line 20.
LaTeX Font Info:    ... okay on input line 20.
LaTeX Font Info:    Checking defaults for TS1/cmr/m/n on input line 20.
LaTeX Font Info:    ... okay on input line 20.
LaTeX Font Info:    Checking defaults for OMX/cmex/m/n on input line 20.
LaTeX Font Info:    ... okay on input line 20.
LaTeX Font Info:    Checking defaults for U/cmr/m/n on input line 20.
LaTeX Font Info:    ... okay on input line 20.

*geometry* driver: auto-detecting
*geometry* detected driver: pdftex
*geometry* verbose mode - [ preamble ] result:
* driver: pdftex
* paper: a4paper
* layout: <same size as paper>
* layoutoffset:(h,v)=(0.0pt,0.0pt)
* modes: 
* h-part:(L,W,R)=(99.58464pt, 423.94608pt, 73.97716pt)
* v-part:(T,H,B)=(73.97716pt, 728.39056pt, 42.67912pt)
* \paperwidth=597.50787pt
* \paperheight=845.04684pt
* \textwidth=423.94608pt
* \textheight=728.39056pt
* \oddsidemargin=27.31465pt
* \evensidemargin=27.31465pt
* \topmargin=-35.29283pt
* \headheight=12.0pt
* \headsep=25.0pt
* \topskip=12.0pt
* \footskip=30.0pt
* \marginparwidth=44.0pt
* \marginparsep=10.0pt
* \columnsep=10.0pt
* \skip\footins=10.8pt plus 4.0pt minus 2.0pt
* \hoffset=0.0pt
* \voffset=0.0pt
* \mag=1000
* \@twocolumnfalse
* \@twosidefalse
* \@mparswitchfalse
* \@reversemarginfalse
* (1in=72.27pt=25.4mm, 1cm=28.453pt)

(/usr/share/texlive/texmf-dist/tex/context/base/mkii/supp-pdf.mkii
[Loading MPS to PDF converter (version 2006.09.02).]
\scratchcounter=\count386
\scratchdimen=\dimen154
\scratchbox=\box48
\nofMPsegments=\count387
\nofMParguments=\count388
\everyMPshowfont=\toks21
\MPscratchCnt=\count389
\MPscratchDim=\dimen155
\MPnumerator=\count390
\makeMPintoPDFobject=\count391
\everyMPtoPDFconversion=\toks22
) (/usr/share/texlive/texmf-dist/tex/latex/epstopdf-pkg/epstopdf-base.sty
Package: epstopdf-base 2020-01-24 v2.11 Base part for package epstopdf

(/usr/share/texlive/texmf-dist/tex/latex/grfext/grfext.sty
Package: grfext 2019/12/03 v1.3 Manage graphics extensions (HO)

(/usr/share/texlive/texmf-dist/tex/generic/kvdefinekeys/kvdefinekeys.sty
Package: kvdefinekeys 2019-12-19 v1.6 Define keys (HO)
))
Package epstopdf-base Info: Redefining graphics rule for `.eps' on input line 4
85.
Package grfext Info: Graphics extension search list:
(grfext)             [.pdf,.png,.jpg,.mps,.jpeg,.jbig2,.jb2,.PDF,.PNG,.JPG,.JPE
G,.JBIG2,.JB2,.eps]
(grfext)             \AppendGraphicsExtensions on input line 504.

(/usr/share/texlive/texmf-dist/tex/latex/latexconfig/epstopdf-sys.cfg
File: epstopdf-sys.cfg 2010/07/13 v1.3 Configuration of (r)epstopdf for TeX Liv
e
))
Package biblatex Info: Trying to load language 'english'...
Package biblatex Info: ... file 'english.lbx' found.

(/usr/share/texlive/texmf-dist/tex/latex/biblatex/lbx/english.lbx
File: english.lbx 2019/12/01 v3.14 biblatex localization (PK/MW)
)
Package biblatex Info: Input encoding 'utf8' detected.
Package biblatex Info: Automatic encoding selection.
(biblatex)             Assuming data encoding 'utf8'.
\openout3 = `relazione.bcf'.

Package biblatex Info: Trying to load bibliographic data...
Package biblatex Info: ... file 'relazione.bbl' found.

(./relazione.bbl)
Package biblatex Info: Reference section=0 on input line 20.
Package biblatex Info: Reference segment=0 on input line 20.
LaTeX Font Info:    Trying to load font information for U+msa on input line 22.

 (/usr/share/texlive/texmf-dist/tex/latex/amsfonts/umsa.fd
File: umsa.fd 2013/01/14 v3.01 AMS symbols A
)
LaTeX Font Info:    Trying to load font information for U+msb on input line 22.


(/usr/share/texlive/texmf-dist/tex/latex/amsfonts/umsb.fd
File: umsb.fd 2013/01/14 v3.01 AMS symbols B
) [1

{/var/lib/texmf/fonts/map/pdftex/updmap/pdftex.map}] (./relazione.toc [1])
\tf@toc=\write4
\openout4 = `relazione.toc'.

 [2] [3]
Underfull \hbox (badness 10000) in paragraph at lines 75--81

 []


Underfull \hbox (badness 10000) in paragraph at lines 85--87

 []

[4]
Underfull \hbox (badness 10000) in paragraph at lines 149--151

 []

[5]
Underfull \hbox (badness 10000) in paragraph at lines 210--212

 []

[6]
Underfull \hbox (badness 10000) in paragraph at lines 246--248

 []

[7]
Underfull \hbox (badness 10000) in paragraph at lines 267--269

 []


Underfull \hbox (badness 10000) in paragraph at lines 278--283

 []

[8]
Overfull \hbox (0.15508pt too wide) in paragraph at lines 308--309
[]\OT1/cmr/m/n/12 err : Val-ore dell'errore prodotto nell'approssimazione della
 radice all'iterazione
 []

[9]
Overfull \hbox (0.15508pt too wide) in paragraph at lines 325--326
[]\OT1/cmr/m/n/12 err : Val-ore dell'errore prodotto nell'approssimazione della
 radice all'iterazione
 []


Overfull \hbox (12.29245pt too wide) in paragraph at lines 329--330
\OT1/cmr/m/n/12 Il metodo di New-ton per es-sere im-ple-men-tato ha bisogni pri
n-ci-pal-mente di $2$ parametri: 
 []


Overfull \hbox (0.15508pt too wide) in paragraph at lines 340--341
[]\OT1/cmr/m/n/12 err : Val-ore dell'errore prodotto nell'approssimazione della
 radice all'iterazione
 []

[10]
Overfull \hbox (0.15508pt too wide) in paragraph at lines 364--365
[]\OT1/cmr/m/n/12 err : Val-ore dell'errore prodotto nell'approssimazione della
 radice all'iterazione
 []

[11]
<./Images/Parabola.png, id=56, 575.14874pt x 561.59813pt>
File: ./Images/Parabola.png Graphic file (type png)
<use ./Images/Parabola.png>
Package pdftex.def Info: ./Images/Parabola.png  used on input line 375.
(pdftex.def)             Requested size: 287.57367pt x 280.79837pt.
 [12 <./Images/Parabola.png (PNG copy)>]
<./Images/TabellaParabolaBisezione.png, id=62, 630.85687pt x 494.59781pt>
File: ./Images/TabellaParabolaBisezione.png Graphic file (type png)
<use ./Images/TabellaParabolaBisezione.png>
Package pdftex.def Info: ./Images/TabellaParabolaBisezione.png  used on input l
ine 386.
(pdftex.def)             Requested size: 397.44193pt x 311.59825pt.
<./Images/ParabolaBisezione.png, id=63, 1120.185pt x 614.295pt>
File: ./Images/ParabolaBisezione.png Graphic file (type png)
<use ./Images/ParabolaBisezione.png>
Package pdftex.def Info: ./Images/ParabolaBisezione.png  used on input line 390
.
(pdftex.def)             Requested size: 448.06606pt x 245.71364pt.

Overfull \hbox (24.11998pt too wide) in paragraph at lines 390--391
[][] 
 []


Overfull \hbox (13.27994pt too wide) in paragraph at lines 394--397
\OT1/cmr/m/n/12 Come si pu^^Ro vedere, l'algoritmo es-egue 28 it-er-azioni an-d
ando a pas-sare come parametro
 []

[13 <./Images/TabellaParabolaBisezione.png (PNG copy)> <./Images/ParabolaBisezi
one.png (PNG copy)>]
<./Images/TabellaParabolaPuntoFisso.png, id=67, 442.65375pt x 349.305pt>
File: ./Images/TabellaParabolaPuntoFisso.png Graphic file (type png)
<use ./Images/TabellaParabolaPuntoFisso.png>
Package pdftex.def Info: ./Images/TabellaParabolaPuntoFisso.png  used on input 
line 401.
(pdftex.def)             Requested size: 265.59428pt x 209.58461pt.
<./Images/ParabolaPuntoFisso.png, id=68, 1129.97156pt x 648.17157pt>
File: ./Images/ParabolaPuntoFisso.png Graphic file (type png)
<use ./Images/ParabolaPuntoFisso.png>
Package pdftex.def Info: ./Images/ParabolaPuntoFisso.png  used on input line 40
5.
(pdftex.def)             Requested size: 440.68713pt x 252.78589pt.

Overfull \hbox (16.74106pt too wide) in paragraph at lines 405--406
[][] 
 []


Underfull \hbox (badness 10000) in paragraph at lines 399--408

 []

[14 <./Images/TabellaParabolaPuntoFisso.png (PNG copy)> <./Images/ParabolaPunto
Fisso.png (PNG copy)>] [15]
<./Images/TabellaParabolaNewton.png, id=75, 451.6875pt x 260.47313pt>
File: ./Images/TabellaParabolaNewton.png Graphic file (type png)
<use ./Images/TabellaParabolaNewton.png>
Package pdftex.def Info: ./Images/TabellaParabolaNewton.png  used on input line
 417.
(pdftex.def)             Requested size: 284.56462pt x 164.09894pt.
<./Images/ParabolaNewton.png, id=76, 1136.74687pt x 655.69969pt>
File: ./Images/ParabolaNewton.png Graphic file (type png)
<use ./Images/ParabolaNewton.png>
Package pdftex.def Info: ./Images/ParabolaNewton.png  used on input line 421.
(pdftex.def)             Requested size: 500.17018pt x 288.50876pt.

Overfull \hbox (76.2241pt too wide) in paragraph at lines 421--422
[][] 
 []


Overfull \hbox (4.5328pt too wide) in paragraph at lines 415--427
\OT1/cmr/m/n/12 Come si pu^^Ro vedere,l'algoritmo es-egue 5 it-er-azioni an-dan
do a pas-sare come parametro
 []

<./Images/TabellaParabolaCorda.png, id=77, 465.23813pt x 390.70969pt>
File: ./Images/TabellaParabolaCorda.png Graphic file (type png)
<use ./Images/TabellaParabolaCorda.png>
Package pdftex.def Info: ./Images/TabellaParabolaCorda.png  used on input line 
431.
(pdftex.def)             Requested size: 293.10156pt x 246.14839pt.
<./Images/ParabolaChord.png, id=78, 1145.02782pt x 652.68843pt>
File: ./Images/ParabolaChord.png Graphic file (type png)
<use ./Images/ParabolaChord.png>
Package pdftex.def Info: ./Images/ParabolaChord.png  used on input line 435.
(pdftex.def)             Requested size: 572.51251pt x 326.34341pt.

Overfull \hbox (148.56644pt too wide) in paragraph at lines 435--436
[][] 
 []


Underfull \hbox (badness 10000) in paragraph at lines 429--438

 []

[16 <./Images/TabellaParabolaNewton.png (PNG copy)> <./Images/ParabolaNewton.pn
g (PNG copy)>] [17 <./Images/TabellaParabolaCorda.png (PNG copy)> <./Images/Par
abolaChord.png (PNG copy)>]
Overfull \hbox (13.27994pt too wide) in paragraph at lines 439--441
\OT1/cmr/m/n/12 Come si pu^^Ro vedere, l'algoritmo es-egue 15 it-er-azioni an-d
ando a pas-sare come parametro
 []

<./Images/TabellaParabolaSecant.png, id=85, 460.72125pt x 204.01219pt>
File: ./Images/TabellaParabolaSecant.png Graphic file (type png)
<use ./Images/TabellaParabolaSecant.png>
Package pdftex.def Info: ./Images/TabellaParabolaSecant.png  used on input line
 445.
(pdftex.def)             Requested size: 276.43488pt x 122.40825pt.
<./Images/ParabolaSecant.png, id=86, 1110.39844pt x 640.64343pt>
File: ./Images/ParabolaSecant.png Graphic file (type png)
<use ./Images/ParabolaSecant.png>
Package pdftex.def Info: ./Images/ParabolaSecant.png  used on input line 449.
(pdftex.def)             Requested size: 466.36417pt x 269.0684pt.

Overfull \hbox (42.41809pt too wide) in paragraph at lines 449--450
[][] 
 []


Underfull \hbox (badness 10000) in paragraph at lines 443--452

 []


Overfull \hbox (4.5328pt too wide) in paragraph at lines 453--455
\OT1/cmr/m/n/12 Come si pu^^Ro vedere,l'algoritmo es-egue 7 it-er-azioni an-dan
do a pas-sare come parametro
 []

[18 <./Images/TabellaParabolaSecant.png (PNG copy)> <./Images/ParabolaSecant.pn
g (PNG copy)>]
<./Images/Esponenziale.png, id=91, 405.01312pt x 490.08093pt>
File: ./Images/Esponenziale.png Graphic file (type png)
<use ./Images/Esponenziale.png>
Package pdftex.def Info: ./Images/Esponenziale.png  used on input line 462.
(pdftex.def)             Requested size: 243.00974pt x 294.05083pt.

Underfull \hbox (badness 10000) in paragraph at lines 459--465

 []

[19 <./Images/Esponenziale.png (PNG copy)>]
<./Images/TabellaEsponenzialeBisezione.png, id=96, 576.65437pt x 493.0922pt>
File: ./Images/TabellaEsponenzialeBisezione.png Graphic file (type png)
<use ./Images/TabellaEsponenzialeBisezione.png>
Package pdftex.def Info: ./Images/TabellaEsponenzialeBisezione.png  used on inp
ut line 474.
(pdftex.def)             Requested size: 363.29417pt x 310.64972pt.
<./Images/EsponenzialeBisezione.png, id=97, 1126.96031pt x 657.95813pt>
File: ./Images/EsponenzialeBisezione.png Graphic file (type png)
<use ./Images/EsponenzialeBisezione.png>
Package pdftex.def Info: ./Images/EsponenzialeBisezione.png  used on input line
 478.
(pdftex.def)             Requested size: 450.77614pt x 263.17859pt.

Overfull \hbox (26.83006pt too wide) in paragraph at lines 478--479
[][] 
 []


Underfull \hbox (badness 10000) in paragraph at lines 472--481

 []

[20 <./Images/TabellaEsponenzialeBisezione.png (PNG copy)> <./Images/Esponenzia
leBisezione.png (PNG copy)>]
Overfull \hbox (13.27994pt too wide) in paragraph at lines 482--485
\OT1/cmr/m/n/12 Come si pu^^Ro vedere, l'algoritmo es-egue 28 it-er-azioni an-d
ando a pas-sare come parametro
 []

[21]
<./Images/TabellaEsponenzialePuntoFisso.png, id=104, 447.17062pt x 493.845pt>
File: ./Images/TabellaEsponenzialePuntoFisso.png Graphic file (type png)
<use ./Images/TabellaEsponenzialePuntoFisso.png>
Package pdftex.def Info: ./Images/TabellaEsponenzialePuntoFisso.png  used on in
put line 491.
(pdftex.def)             Requested size: 281.71898pt x 311.124pt.
<./Images/EsponenzialePuntoFisso.png, id=105, 1120.185pt x 663.22781pt>
File: ./Images/EsponenzialePuntoFisso.png Graphic file (type png)
<use ./Images/EsponenzialePuntoFisso.png>
Package pdftex.def Info: ./Images/EsponenzialePuntoFisso.png  used on input lin
e 495.
(pdftex.def)             Requested size: 448.06606pt x 265.28642pt.

Overfull \hbox (24.11998pt too wide) in paragraph at lines 495--496
[][] 
 []


Underfull \hbox (badness 10000) in paragraph at lines 489--498

 []

[22 <./Images/TabellaEsponenzialePuntoFisso.png (PNG copy)> <./Images/Esponenzi
alePuntoFisso.png (PNG copy)>]
Overfull \hbox (13.27994pt too wide) in paragraph at lines 500--504
\OT1/cmr/m/n/12 Come si pu^^Ro vedere, l'algoritmo es-egue 28 it-er-azioni an-d
ando a pas-sare come parametro
 []

<./Images/TabellaEsponenzialeNewton.png, id=109, 454.69875pt x 204.01219pt>
File: ./Images/TabellaEsponenzialeNewton.png Graphic file (type png)
<use ./Images/TabellaEsponenzialeNewton.png>
Package pdftex.def Info: ./Images/TabellaEsponenzialeNewton.png  used on input 
line 509.
(pdftex.def)             Requested size: 286.46172pt x 128.52835pt.
<./Images/EsponenzialeNewton.png, id=110, 1129.97156pt x 653.44125pt>
File: ./Images/EsponenzialeNewton.png Graphic file (type png)
<use ./Images/EsponenzialeNewton.png>
Package pdftex.def Info: ./Images/EsponenzialeNewton.png  used on input line 51
3.
(pdftex.def)             Requested size: 451.98062pt x 261.37187pt.

Overfull \hbox (28.03455pt too wide) in paragraph at lines 513--514
[][] 
 []


Underfull \hbox (badness 10000) in paragraph at lines 507--516

 []


Overfull \hbox (4.5328pt too wide) in paragraph at lines 518--521
\OT1/cmr/m/n/12 Come si pu^^Ro vedere,l'algoritmo es-egue 5 it-er-azioni an-dan
do a pas-sare come parametro
 []

[23 <./Images/TabellaEsponenzialeNewton.png (PNG copy)> <./Images/EsponenzialeN
ewton.png (PNG copy)>]
<./Images/TabellaEsponenzialeChord.png, id=114, 474.27188pt x 349.305pt>
File: ./Images/TabellaEsponenzialeChord.png Graphic file (type png)
<use ./Images/TabellaEsponenzialeChord.png>
Package pdftex.def Info: ./Images/TabellaEsponenzialeChord.png  used on input l
ine 525.
(pdftex.def)             Requested size: 279.81798pt x 206.08815pt.
<./Images/EsponenzialeChord.png, id=115, 1117.92656pt x 639.13782pt>
File: ./Images/EsponenzialeChord.png Graphic file (type png)
<use ./Images/EsponenzialeChord.png>
Package pdftex.def Info: ./Images/EsponenzialeChord.png  used on input line 529
.
(pdftex.def)             Requested size: 447.1627pt x 255.65059pt.

Overfull \hbox (23.21663pt too wide) in paragraph at lines 529--530
[][] 
 []


Underfull \hbox (badness 10000) in paragraph at lines 523--532

 []

[24 <./Images/TabellaEsponenzialeChord.png (PNG copy)> <./Images/EsponenzialeCh
ord.png (PNG copy)>]
Overfull \hbox (10.40775pt too wide) in paragraph at lines 535--537
\OT1/cmr/m/n/12 Come si pu^^Ro vedere,l'algoritmo es-egue 12 it-er-azioni an-da
ndo a pas-sare come parametro
 []

<./Images/TabellaEsponenzialeSecant.png, id=120, 464.4853pt x 212.29312pt>
File: ./Images/TabellaEsponenzialeSecant.png Graphic file (type png)
<use ./Images/TabellaEsponenzialeSecant.png>
Package pdftex.def Info: ./Images/TabellaEsponenzialeSecant.png  used on input 
line 541.
(pdftex.def)             Requested size: 278.69333pt x 127.37685pt.
<./Images/EsponenzialeSecant.png, id=121, 1121.69063pt x 659.46375pt>
File: ./Images/EsponenzialeSecant.png Graphic file (type png)
<use ./Images/EsponenzialeSecant.png>
Package pdftex.def Info: ./Images/EsponenzialeSecant.png  used on input line 54
5.
(pdftex.def)             Requested size: 448.6683pt x 263.78082pt.

Overfull \hbox (24.72223pt too wide) in paragraph at lines 545--546
[][] 
 []


Underfull \hbox (badness 10000) in paragraph at lines 539--548

 []


Overfull \hbox (4.5328pt too wide) in paragraph at lines 549--551
\OT1/cmr/m/n/12 Come si pu^^Ro vedere,l'algoritmo es-egue 6 it-er-azioni an-dan
do a pas-sare come parametro
 []

[25 <./Images/TabellaEsponenzialeSecant.png (PNG copy)> <./Images/EsponenzialeS
ecant.png (PNG copy)>]
<./Images/MultiRadix.png, id=125, 366.61969pt x 673.76718pt>
File: ./Images/MultiRadix.png Graphic file (type png)
<use ./Images/MultiRadix.png>
Package pdftex.def Info: ./Images/MultiRadix.png  used on input line 558.
(pdftex.def)             Requested size: 183.30939pt x 336.88277pt.
 [26 <./Images/MultiRadix.png (PNG copy)>]
<./Images/TabellaMultiRadixBisezione.png, id=129, 569.12625pt x 505.89pt>
File: ./Images/TabellaMultiRadixBisezione.png Graphic file (type png)
<use ./Images/TabellaMultiRadixBisezione.png>
Package pdftex.def Info: ./Images/TabellaMultiRadixBisezione.png  used on input
 line 566.
(pdftex.def)             Requested size: 330.09346pt x 293.4164pt.
<./Images/MultiRadixBisezione1.png, id=130, 1112.65688pt x 666.23906pt>
File: ./Images/MultiRadixBisezione1.png Graphic file (type png)
<use ./Images/MultiRadixBisezione1.png>
Package pdftex.def Info: ./Images/MultiRadixBisezione1.png  used on input line 
570.
(pdftex.def)             Requested size: 445.05487pt x 266.49089pt.

Overfull \hbox (21.1088pt too wide) in paragraph at lines 570--571
[][] 
 []


Overfull \hbox (13.27994pt too wide) in paragraph at lines 564--576
\OT1/cmr/m/n/12 Come si pu^^Ro vedere, l'algoritmo es-egue 29 it-er-azioni an-d
ando a pas-sare come parametro
 []

[27 <./Images/TabellaMultiRadixBisezione.png (PNG copy)> <./Images/MultiRadixBi
sezione1.png (PNG copy)>] [28]
<./Images/TabellaMultiRadixPuntoFisso1.png, id=137, 514.92375pt x 362.10281pt>
File: ./Images/TabellaMultiRadixPuntoFisso1.png Graphic file (type png)
<use ./Images/TabellaMultiRadixPuntoFisso1.png>
Package pdftex.def Info: ./Images/TabellaMultiRadixPuntoFisso1.png  used on inp
ut line 582.
(pdftex.def)             Requested size: 262.60764pt x 184.66998pt.
<./Images/TabellaMultiRadixPuntoFisso2.png, id=138, 435.87843pt x 258.9675pt>
File: ./Images/TabellaMultiRadixPuntoFisso2.png Graphic file (type png)
<use ./Images/TabellaMultiRadixPuntoFisso2.png>
Package pdftex.def Info: ./Images/TabellaMultiRadixPuntoFisso2.png  used on inp
ut line 583.
(pdftex.def)             Requested size: 222.29506pt x 132.07166pt.
<./Images/MultiRadixPuntoFisso.png, id=139, 1113.40968pt x 640.64343pt>
File: ./Images/MultiRadixPuntoFisso.png Graphic file (type png)
<use ./Images/MultiRadixPuntoFisso.png>
Package pdftex.def Info: ./Images/MultiRadixPuntoFisso.png  used on input line 
587.
(pdftex.def)             Requested size: 423.10008pt x 243.44702pt.

Overfull \hbox (11.1602pt too wide) in paragraph at lines 580--590
\OT1/cmr/m/n/12 Con il metodo di punto fisso, an-dando a dare come parametri $\
OML/cmm/m/it/12 g\OT1/cmr/m/n/12 (\OML/cmm/m/it/12 x\OT1/cmr/m/n/12 ) = []$
 []

[29 <./Images/TabellaMultiRadixPuntoFisso1.png (PNG copy)> <./Images/TabellaMul
tiRadixPuntoFisso2.png (PNG copy)> <./Images/MultiRadixPuntoFisso.png (PNG copy
)>]
<./Images/TabellaMultiRadixNewton1.png, id=143, 453.19313pt x 529.22719pt>
File: ./Images/TabellaMultiRadixNewton1.png Graphic file (type png)
<use ./Images/TabellaMultiRadixNewton1.png>
Package pdftex.def Info: ./Images/TabellaMultiRadixNewton1.png  used on input l
ine 600.
(pdftex.def)             Requested size: 317.23302pt x 370.4565pt.
<./Images/TabellaMultiRadixNewton2.png, id=144, 446.41782pt x 157.33781pt>
File: ./Images/TabellaMultiRadixNewton2.png Graphic file (type png)
<use ./Images/TabellaMultiRadixNewton2.png>
Package pdftex.def Info: ./Images/TabellaMultiRadixNewton2.png  used on input l
ine 601.
(pdftex.def)             Requested size: 312.49033pt x 110.13571pt.

Underfull \hbox (badness 10000) in paragraph at lines 600--602
[][]
 []

<./Images/MultiRadixNewton.png, id=145, 1120.185pt x 641.39626pt>
File: ./Images/MultiRadixNewton.png Graphic file (type png)
<use ./Images/MultiRadixNewton.png>
Package pdftex.def Info: ./Images/MultiRadixNewton.png  used on input line 605.

(pdftex.def)             Requested size: 448.06606pt x 256.55396pt.

Overfull \hbox (24.11998pt too wide) in paragraph at lines 605--606
[][] 
 []

<./Images/MultiRadixGraficoNewton.png, id=146, 882.29625pt x 643.6547pt>
File: ./Images/MultiRadixGraficoNewton.png Graphic file (type png)
<use ./Images/MultiRadixGraficoNewton.png>
Package pdftex.def Info: ./Images/MultiRadixGraficoNewton.png  used on input li
ne 614.
(pdftex.def)             Requested size: 335.27606pt x 244.59132pt.

Overfull \hbox (10.40775pt too wide) in paragraph at lines 609--617
\OT1/cmr/m/n/12 Come si pu^^Ro vedere,l'algoritmo es-egue 43 it-er-azioni an-da
ndo a pas-sare come parametro
 []

[30 <./Images/TabellaMultiRadixNewton1.png (PNG copy)> <./Images/TabellaMultiRa
dixNewton2.png (PNG copy)>] [31 <./Images/MultiRadixNewton.png (PNG copy)> <./I
mages/MultiRadixGraficoNewton.png (PNG copy)>]
<./Images/TabellaMultiRadixCorda1.png, id=154, 456.95718pt x 555.57562pt>
File: ./Images/TabellaMultiRadixCorda1.png Graphic file (type png)
<use ./Images/TabellaMultiRadixCorda1.png>
Package pdftex.def Info: ./Images/TabellaMultiRadixCorda1.png  used on input li
ne 623.
(pdftex.def)             Requested size: 338.14998pt x 411.12799pt.
<./Images/TabellaMultiRadixCorda2.png, id=155, 455.45157pt x 276.28218pt>
File: ./Images/TabellaMultiRadixCorda2.png Graphic file (type png)
<use ./Images/TabellaMultiRadixCorda2.png>
Package pdftex.def Info: ./Images/TabellaMultiRadixCorda2.png  used on input li
ne 624.
(pdftex.def)             Requested size: 337.03583pt x 204.44981pt.
File: ./Images/MultiRadixNewton.png Graphic file (type png)
<use ./Images/MultiRadixNewton.png>
Package pdftex.def Info: ./Images/MultiRadixNewton.png  used on input line 628.

(pdftex.def)             Requested size: 448.06606pt x 256.55396pt.

Overfull \hbox (24.11998pt too wide) in paragraph at lines 628--629
[][] 
 []

[32 <./Images/TabellaMultiRadixCorda1.png (PNG copy)> <./Images/TabellaMultiRad
ixCorda2.png (PNG copy)>] [33]
<./Images/TabellaMultiRadixSecant1.png, id=162, 487.8225pt x 566.115pt>
File: ./Images/TabellaMultiRadixSecant1.png Graphic file (type png)
<use ./Images/TabellaMultiRadixSecant1.png>
Package pdftex.def Info: ./Images/TabellaMultiRadixSecant1.png  used on input l
ine 639.
(pdftex.def)             Requested size: 341.47342pt x 396.2778pt.
<./Images/TabellaMultiRadixSecant2.png, id=163, 462.22687pt x 322.20375pt>
File: ./Images/TabellaMultiRadixSecant2.png Graphic file (type png)
<use ./Images/TabellaMultiRadixSecant2.png>
Package pdftex.def Info: ./Images/TabellaMultiRadixSecant2.png  used on input l
ine 640.
(pdftex.def)             Requested size: 323.5566pt x 225.54108pt.

Underfull \hbox (badness 10000) in paragraph at lines 639--641
[][]
 []

<./Images/MultiRadixSecantMethod.png, id=164, 1133.73563pt x 658.71094pt>
File: ./Images/MultiRadixSecantMethod.png Graphic file (type png)
<use ./Images/MultiRadixSecantMethod.png>
Package pdftex.def Info: ./Images/MultiRadixSecantMethod.png  used on input lin
e 644.
(pdftex.def)             Requested size: 487.49683pt x 283.24017pt.

Overfull \hbox (63.55075pt too wide) in paragraph at lines 644--645
[][] 
 []


Overfull \hbox (10.40775pt too wide) in paragraph at lines 637--649
\OT1/cmr/m/n/12 Come si pu^^Ro vedere,l'algoritmo es-egue 60 it-er-azioni an-da
ndo a pas-sare come parametro
 []

[34 <./Images/TabellaMultiRadixSecant1.png (PNG copy)> <./Images/TabellaMultiRa
dixSecant2.png (PNG copy)>] [35 <./Images/MultiRadixSecantMethod.png (PNG copy)
>]
<./Images/ProgrammaBisezione1.png, id=171, 579.66562pt x 541.27219pt>
File: ./Images/ProgrammaBisezione1.png Graphic file (type png)
<use ./Images/ProgrammaBisezione1.png>
Package pdftex.def Info: ./Images/ProgrammaBisezione1.png  used on input line 6
61.
(pdftex.def)             Requested size: 452.13736pt x 422.1906pt.
<./Images/ProgrammaBisezione2.png, id=172, 651.18282pt x 301.8778pt>
File: ./Images/ProgrammaBisezione2.png Graphic file (type png)
<use ./Images/ProgrammaBisezione2.png>
Package pdftex.def Info: ./Images/ProgrammaBisezione2.png  used on input line 6
62.
(pdftex.def)             Requested size: 507.92056pt x 235.46373pt.

Overfull \hbox (28.19128pt too wide) in paragraph at lines 661--663
[] 
 []


Overfull \hbox (83.97449pt too wide) in paragraph at lines 661--663
[] 
 []

<./Images/ProgrammaPuntoFisso1.png, id=173, 455.45157pt x 593.96906pt>
File: ./Images/ProgrammaPuntoFisso1.png Graphic file (type png)
<use ./Images/ProgrammaPuntoFisso1.png>
Package pdftex.def Info: ./Images/ProgrammaPuntoFisso1.png  used on input line 
665.
(pdftex.def)             Requested size: 378.0247pt x 492.99419pt.
<./Images/ProgrammaPuntoFisso2.png, id=174, 589.4522pt x 144.54pt>
File: ./Images/ProgrammaPuntoFisso2.png Graphic file (type png)
<use ./Images/ProgrammaPuntoFisso2.png>
Package pdftex.def Info: ./Images/ProgrammaPuntoFisso2.png  used on input line 
666.
(pdftex.def)             Requested size: 489.24521pt x 119.96815pt.

Overfull \hbox (65.29913pt too wide) in paragraph at lines 665--667
[] 
 []

[36 <./Images/ProgrammaBisezione1.png (PNG copy)> <./Images/ProgrammaBisezione2
.png (PNG copy)>] [37 <./Images/ProgrammaPuntoFisso1.png (PNG copy)> <./Images/
ProgrammaPuntoFisso2.png (PNG copy)>]
<./Images/ProgrammaNewton1.png, id=182, 557.83406pt x 527.72156pt>
File: ./Images/ProgrammaNewton1.png Graphic file (type png)
<use ./Images/ProgrammaNewton1.png>
Package pdftex.def Info: ./Images/ProgrammaNewton1.png  used on input line 670.

(pdftex.def)             Requested size: 479.73645pt x 453.83975pt.
<./Images/ProgrammaNewton2.png, id=183, 567.62062pt x 220.57407pt>
File: ./Images/ProgrammaNewton2.png Graphic file (type png)
<use ./Images/ProgrammaNewton2.png>
Package pdftex.def Info: ./Images/ProgrammaNewton2.png  used on input line 671.

(pdftex.def)             Requested size: 488.15286pt x 189.69334pt.

Overfull \hbox (55.79037pt too wide) in paragraph at lines 670--672
[] 
 []


Overfull \hbox (64.20679pt too wide) in paragraph at lines 670--672
[] 
 []

[38 <./Images/ProgrammaNewton1.png (PNG copy)> <./Images/ProgrammaNewton2.png (
PNG copy)>]
<./Images/ProgrammaCorda1.png, id=187, 532.23843pt x 429.85594pt>
File: ./Images/ProgrammaCorda1.png Graphic file (type png)
<use ./Images/ProgrammaCorda1.png>
Package pdftex.def Info: ./Images/ProgrammaCorda1.png  used on input line 675.
(pdftex.def)             Requested size: 457.72424pt x 369.67546pt.
<./Images/ProgrammaCorda2.png, id=188, 566.86781pt x 240.14719pt>
File: ./Images/ProgrammaCorda2.png Graphic file (type png)
<use ./Images/ProgrammaCorda2.png>
Package pdftex.def Info: ./Images/ProgrammaCorda2.png  used on input line 676.
(pdftex.def)             Requested size: 487.50546pt x 206.5262pt.

Overfull \hbox (33.77817pt too wide) in paragraph at lines 675--677
[] 
 []


Overfull \hbox (63.55939pt too wide) in paragraph at lines 675--677
[] 
 []

[39 <./Images/ProgrammaCorda1.png (PNG copy)> <./Images/ProgrammaCorda2.png (PN
G copy)>]
<./Images/ProgrammaSecanti1.png, id=192, 534.49687pt x 417.05812pt>
File: ./Images/ProgrammaSecanti1.png Graphic file (type png)
<use ./Images/ProgrammaSecanti1.png>
Package pdftex.def Info: ./Images/ProgrammaSecanti1.png  used on input line 680
.
(pdftex.def)             Requested size: 459.6665pt x 358.66936pt.
<./Images/ProgrammaSecanti2.png, id=193, 566.86781pt x 312.41719pt>
File: ./Images/ProgrammaSecanti2.png Graphic file (type png)
<use ./Images/ProgrammaSecanti2.png>
Package pdftex.def Info: ./Images/ProgrammaSecanti2.png  used on input line 681
.
(pdftex.def)             Requested size: 487.50546pt x 268.6783pt.

Overfull \hbox (35.72043pt too wide) in paragraph at lines 680--682
[] 
 []


Overfull \hbox (63.55939pt too wide) in paragraph at lines 680--682
[] 
 []

[40 <./Images/ProgrammaSecanti1.png (PNG copy)> <./Images/ProgrammaSecanti2.png
 (PNG copy)>]
Overfull \hbox (7.94653pt too wide) in paragraph at lines 687--687
[]\OT1/cmr/m/n/12 J.C. Ehi-wario and S.O. Aghamie. \OT1/cmr/m/it/12 Com-par-a-t
ive Study of Bi-sec-tion, Newton-
 []


Overfull \hbox (12.89142pt too wide) in paragraph at lines 687--687
[]\OT1/cmr/m/n/12 Abdulaziz G. Ah-mad. \OT1/cmr/m/it/12 Com-par-a-tive Study of
 Bi-sec-tion and Newton-Rhapson
 []


Overfull \hbox (19.1984pt too wide) in paragraph at lines 687--687
\OT1/cmr/m/it/12 ton, Metodo delle corde, Metodo delle Se-canti\OT1/cmr/m/n/12 
. \OT1/cmr/m/sc/12 url\OT1/cmr/m/n/12 : $\OT1/cmtt/m/n/12 https : / / it . wiki
pedia .
 []

[41] (./relazione.aux)
Package logreq Info: Writing requests to 'relazione.run.xml'.
\openout1 = `relazione.run.xml'.

 ) 
Here is how much of TeX's memory you used:
 10540 strings out of 483172
 188873 string characters out of 5965816
 807227 words of memory out of 5000000
 25410 multiletter control sequences out of 15000+600000
 543096 words of font info for 67 fonts, out of 8000000 for 9000
 14 hyphenation exceptions out of 8191
 36i,8n,45p,840b,1230s stack positions out of 5000i,500n,10000p,200000b,80000s
 </home/badnick/.texlive2019/texmf-var/fonts/pk/ljfour/jknappen/ec/tcrm1200.6
00pk></usr/share/texlive/texmf-dist/fonts/type1/public/amsfonts/cm/cmbx12.pfb><
/usr/share/texlive/texmf-dist/fonts/type1/public/amsfonts/cm/cmcsc10.pfb></usr/
share/texlive/texmf-dist/fonts/type1/public/amsfonts/cm/cmex10.pfb></usr/share/
texlive/texmf-dist/fonts/type1/public/amsfonts/cm/cmmi10.pfb></usr/share/texliv
e/texmf-dist/fonts/type1/public/amsfonts/cm/cmmi12.pfb></usr/share/texlive/texm
f-dist/fonts/type1/public/amsfonts/cm/cmmi6.pfb></usr/share/texlive/texmf-dist/
fonts/type1/public/amsfonts/cm/cmmi8.pfb></usr/share/texlive/texmf-dist/fonts/t
ype1/public/amsfonts/cm/cmr10.pfb></usr/share/texlive/texmf-dist/fonts/type1/pu
blic/amsfonts/cm/cmr12.pfb></usr/share/texlive/texmf-dist/fonts/type1/public/am
sfonts/cm/cmr17.pfb></usr/share/texlive/texmf-dist/fonts/type1/public/amsfonts/
cm/cmr6.pfb></usr/share/texlive/texmf-dist/fonts/type1/public/amsfonts/cm/cmr8.
pfb></usr/share/texlive/texmf-dist/fonts/type1/public/amsfonts/cm/cmsy10.pfb></
usr/share/texlive/texmf-dist/fonts/type1/public/amsfonts/cm/cmsy6.pfb></usr/sha
re/texlive/texmf-dist/fonts/type1/public/amsfonts/cm/cmsy8.pfb></usr/share/texl
ive/texmf-dist/fonts/type1/public/amsfonts/cm/cmti12.pfb></usr/share/texlive/te
xmf-dist/fonts/type1/public/amsfonts/cm/cmtt12.pfb></usr/share/texlive/texmf-di
st/fonts/type1/public/amsfonts/symbols/msbm10.pfb>
Output written on relazione.pdf (42 pages, 1607468 bytes).
PDF statistics:
 265 PDF objects out of 1000 (max. 8388607)
 153 compressed objects within 2 object streams
 0 named destinations out of 1000 (max. 500000)
 236 words of extra memory for PDF output out of 10000 (max. 10000000)

