#! /usr/bin/vvp
:ivl_version "10.1 (stable)";
:ivl_delay_selection "TYPICAL";
:vpi_time_precision + 0;
:vpi_module "system";
:vpi_module "vhdl_sys";
:vpi_module "v2005_math";
:vpi_module "va_math";
S_0x55b167acaa60 .scope module, "test" "test" 2 1;
 .timescale 0 0;
v0x55b167b06db0_0 .var/i "i", 31 0;
v0x55b167b06e90_0 .var "x", 7 0;
v0x55b167b06f80_0 .net "z", 0 0, L_0x55b167b0ae50;  1 drivers
S_0x55b167acabe0 .scope module, "mypow" "pow2" 2 8, 3 1 0, S_0x55b167acaa60;
 .timescale 0 0;
    .port_info 0 /OUTPUT 1 "z"
    .port_info 1 /INPUT 8 "x"
L_0x55b167b071a0 .functor NOT 1, L_0x55b167b07080, C4<0>, C4<0>, C4<0>;
L_0x55b167b07300 .functor NOT 1, L_0x55b167b07260, C4<0>, C4<0>, C4<0>;
L_0x55b167b073f0 .functor AND 1, L_0x55b167b071a0, L_0x55b167b07300, C4<1>, C4<1>;
L_0x55b167b07630 .functor NOT 1, L_0x55b167b07500, C4<0>, C4<0>, C4<0>;
L_0x55b167b076a0 .functor AND 1, L_0x55b167b073f0, L_0x55b167b07630, C4<1>, C4<1>;
L_0x55b167b07880 .functor NOT 1, L_0x55b167b077e0, C4<0>, C4<0>, C4<0>;
L_0x55b167b079b0 .functor AND 1, L_0x55b167b076a0, L_0x55b167b07880, C4<1>, C4<1>;
L_0x55b167b07b60 .functor NOT 1, L_0x55b167b07ac0, C4<0>, C4<0>, C4<0>;
L_0x55b167b07c70 .functor AND 1, L_0x55b167b079b0, L_0x55b167b07b60, C4<1>, C4<1>;
L_0x55b167b07e20 .functor NOT 1, L_0x55b167b07d80, C4<0>, C4<0>, C4<0>;
L_0x55b167b07f40 .functor AND 1, L_0x55b167b07c70, L_0x55b167b07e20, C4<1>, C4<1>;
L_0x55b167b075a0 .functor NOT 1, L_0x55b167b08000, C4<0>, C4<0>, C4<0>;
L_0x55b167b08360 .functor NOT 1, L_0x55b167b08270, C4<0>, C4<0>, C4<0>;
L_0x55b167b08420 .functor AND 1, L_0x55b167b075a0, L_0x55b167b08360, C4<1>, C4<1>;
L_0x55b167b08200 .functor NOT 1, L_0x55b167b085b0, C4<0>, C4<0>, C4<0>;
L_0x55b167b086a0 .functor AND 1, L_0x55b167b08420, L_0x55b167b08200, C4<1>, C4<1>;
L_0x55b167b088e0 .functor NOT 1, L_0x55b167b08840, C4<0>, C4<0>, C4<0>;
L_0x55b167b08950 .functor AND 1, L_0x55b167b086a0, L_0x55b167b088e0, C4<1>, C4<1>;
L_0x55b167b087b0 .functor NOT 1, L_0x55b167b08b00, C4<0>, C4<0>, C4<0>;
L_0x55b167b08bf0 .functor AND 1, L_0x55b167b08950, L_0x55b167b087b0, C4<1>, C4<1>;
L_0x55b167b08e20 .functor NOT 1, L_0x55b167b08a60, C4<0>, C4<0>, C4<0>;
L_0x55b167b08ee0 .functor AND 1, L_0x55b167b08bf0, L_0x55b167b08e20, C4<1>, C4<1>;
L_0x55b167b08d00 .functor OR 1, L_0x55b167b07f40, L_0x55b167b08ee0, C4<0>, C4<0>;
L_0x55b167b091f0 .functor NOT 1, L_0x55b167b09150, C4<0>, C4<0>, C4<0>;
L_0x55b167b08db0 .functor NOT 1, L_0x55b167b08ff0, C4<0>, C4<0>, C4<0>;
L_0x55b167b093d0 .functor AND 1, L_0x55b167b091f0, L_0x55b167b08db0, C4<1>, C4<1>;
L_0x55b167b080a0 .functor NOT 1, L_0x55b167b092b0, C4<0>, C4<0>, C4<0>;
L_0x55b167b097d0 .functor AND 1, L_0x55b167b093d0, L_0x55b167b080a0, C4<1>, C4<1>;
L_0x55b167b09a10 .functor NOT 1, L_0x55b167b094e0, C4<0>, C4<0>, C4<0>;
L_0x55b167b09ad0 .functor AND 1, L_0x55b167b097d0, L_0x55b167b09a10, C4<1>, C4<1>;
L_0x55b167b09ce0 .functor NOT 1, L_0x55b167b09890, C4<0>, C4<0>, C4<0>;
L_0x55b167b09d50 .functor AND 1, L_0x55b167b09ad0, L_0x55b167b09ce0, C4<1>, C4<1>;
L_0x55b167b09980 .functor NOT 1, L_0x55b167b09be0, C4<0>, C4<0>, C4<0>;
L_0x55b167b0a010 .functor AND 1, L_0x55b167b09d50, L_0x55b167b09980, C4<1>, C4<1>;
L_0x55b167b09e60 .functor OR 1, L_0x55b167b08d00, L_0x55b167b0a010, C4<0>, C4<0>;
L_0x55b167b0a2e0 .functor NOT 1, L_0x55b167b0a240, C4<0>, C4<0>, C4<0>;
L_0x55b167b0a1c0 .functor NOT 1, L_0x55b167b0a120, C4<0>, C4<0>, C4<0>;
L_0x55b167b0a580 .functor AND 1, L_0x55b167b0a2e0, L_0x55b167b0a1c0, C4<1>, C4<1>;
L_0x55b167b0a440 .functor NOT 1, L_0x55b167b0a3a0, C4<0>, C4<0>, C4<0>;
L_0x55b167b0a7d0 .functor AND 1, L_0x55b167b0a580, L_0x55b167b0a440, C4<1>, C4<1>;
L_0x55b167b0a6e0 .functor NOT 1, L_0x55b167b0a640, C4<0>, C4<0>, C4<0>;
L_0x55b167b0a500 .functor AND 1, L_0x55b167b0a7d0, L_0x55b167b0a6e0, C4<1>, C4<1>;
L_0x55b167b0a980 .functor NOT 1, L_0x55b167b0a8e0, C4<0>, C4<0>, C4<0>;
L_0x55b167b0ad40 .functor AND 1, L_0x55b167b0a500, L_0x55b167b0a980, C4<1>, C4<1>;
L_0x55b167b0ac30 .functor NOT 1, L_0x55b167b0ab90, C4<0>, C4<0>, C4<0>;
L_0x55b167b0a9f0 .functor AND 1, L_0x55b167b0ad40, L_0x55b167b0ac30, C4<1>, C4<1>;
L_0x55b167b0ae50/d .functor OR 1, L_0x55b167b09e60, L_0x55b167b0a9f0, C4<0>, C4<0>;
L_0x55b167b0ae50 .delay 1 (2,2,2) L_0x55b167b0ae50/d;
v0x55b167acadb0_0 .net *"_s1", 0 0, L_0x55b167b07080;  1 drivers
v0x55b167b02b10_0 .net *"_s100", 0 0, L_0x55b167b09980;  1 drivers
v0x55b167b02bf0_0 .net *"_s102", 0 0, L_0x55b167b0a010;  1 drivers
v0x55b167b02ce0_0 .net *"_s104", 0 0, L_0x55b167b09e60;  1 drivers
v0x55b167b02dc0_0 .net *"_s107", 0 0, L_0x55b167b0a240;  1 drivers
v0x55b167b02ef0_0 .net *"_s108", 0 0, L_0x55b167b0a2e0;  1 drivers
v0x55b167b02fd0_0 .net *"_s11", 0 0, L_0x55b167b07500;  1 drivers
v0x55b167b030b0_0 .net *"_s111", 0 0, L_0x55b167b0a120;  1 drivers
v0x55b167b03190_0 .net *"_s112", 0 0, L_0x55b167b0a1c0;  1 drivers
v0x55b167b03300_0 .net *"_s114", 0 0, L_0x55b167b0a580;  1 drivers
v0x55b167b033e0_0 .net *"_s117", 0 0, L_0x55b167b0a3a0;  1 drivers
v0x55b167b034c0_0 .net *"_s118", 0 0, L_0x55b167b0a440;  1 drivers
v0x55b167b035a0_0 .net *"_s12", 0 0, L_0x55b167b07630;  1 drivers
v0x55b167b03680_0 .net *"_s120", 0 0, L_0x55b167b0a7d0;  1 drivers
v0x55b167b03760_0 .net *"_s123", 0 0, L_0x55b167b0a640;  1 drivers
v0x55b167b03840_0 .net *"_s124", 0 0, L_0x55b167b0a6e0;  1 drivers
v0x55b167b03920_0 .net *"_s126", 0 0, L_0x55b167b0a500;  1 drivers
v0x55b167b03ad0_0 .net *"_s129", 0 0, L_0x55b167b0a8e0;  1 drivers
v0x55b167b03b70_0 .net *"_s130", 0 0, L_0x55b167b0a980;  1 drivers
v0x55b167b03c50_0 .net *"_s132", 0 0, L_0x55b167b0ad40;  1 drivers
v0x55b167b03d30_0 .net *"_s135", 0 0, L_0x55b167b0ab90;  1 drivers
v0x55b167b03e10_0 .net *"_s136", 0 0, L_0x55b167b0ac30;  1 drivers
v0x55b167b03ef0_0 .net *"_s138", 0 0, L_0x55b167b0a9f0;  1 drivers
v0x55b167b03fd0_0 .net *"_s14", 0 0, L_0x55b167b076a0;  1 drivers
v0x55b167b040b0_0 .net *"_s17", 0 0, L_0x55b167b077e0;  1 drivers
v0x55b167b04190_0 .net *"_s18", 0 0, L_0x55b167b07880;  1 drivers
v0x55b167b04270_0 .net *"_s2", 0 0, L_0x55b167b071a0;  1 drivers
v0x55b167b04350_0 .net *"_s20", 0 0, L_0x55b167b079b0;  1 drivers
v0x55b167b04430_0 .net *"_s23", 0 0, L_0x55b167b07ac0;  1 drivers
v0x55b167b04510_0 .net *"_s24", 0 0, L_0x55b167b07b60;  1 drivers
v0x55b167b045f0_0 .net *"_s26", 0 0, L_0x55b167b07c70;  1 drivers
v0x55b167b046d0_0 .net *"_s29", 0 0, L_0x55b167b07d80;  1 drivers
v0x55b167b047b0_0 .net *"_s30", 0 0, L_0x55b167b07e20;  1 drivers
v0x55b167b03a00_0 .net *"_s32", 0 0, L_0x55b167b07f40;  1 drivers
v0x55b167b04a80_0 .net *"_s35", 0 0, L_0x55b167b08000;  1 drivers
v0x55b167b04b60_0 .net *"_s36", 0 0, L_0x55b167b075a0;  1 drivers
v0x55b167b04c40_0 .net *"_s39", 0 0, L_0x55b167b08270;  1 drivers
v0x55b167b04d20_0 .net *"_s40", 0 0, L_0x55b167b08360;  1 drivers
v0x55b167b04e00_0 .net *"_s42", 0 0, L_0x55b167b08420;  1 drivers
v0x55b167b04ee0_0 .net *"_s45", 0 0, L_0x55b167b085b0;  1 drivers
v0x55b167b04fc0_0 .net *"_s46", 0 0, L_0x55b167b08200;  1 drivers
v0x55b167b050a0_0 .net *"_s48", 0 0, L_0x55b167b086a0;  1 drivers
v0x55b167b05180_0 .net *"_s5", 0 0, L_0x55b167b07260;  1 drivers
v0x55b167b05260_0 .net *"_s51", 0 0, L_0x55b167b08840;  1 drivers
v0x55b167b05340_0 .net *"_s52", 0 0, L_0x55b167b088e0;  1 drivers
v0x55b167b05420_0 .net *"_s54", 0 0, L_0x55b167b08950;  1 drivers
v0x55b167b05500_0 .net *"_s57", 0 0, L_0x55b167b08b00;  1 drivers
v0x55b167b055e0_0 .net *"_s58", 0 0, L_0x55b167b087b0;  1 drivers
v0x55b167b056c0_0 .net *"_s6", 0 0, L_0x55b167b07300;  1 drivers
v0x55b167b057a0_0 .net *"_s60", 0 0, L_0x55b167b08bf0;  1 drivers
v0x55b167b05880_0 .net *"_s63", 0 0, L_0x55b167b08a60;  1 drivers
v0x55b167b05960_0 .net *"_s64", 0 0, L_0x55b167b08e20;  1 drivers
v0x55b167b05a40_0 .net *"_s66", 0 0, L_0x55b167b08ee0;  1 drivers
v0x55b167b05b20_0 .net *"_s68", 0 0, L_0x55b167b08d00;  1 drivers
v0x55b167b05c00_0 .net *"_s71", 0 0, L_0x55b167b09150;  1 drivers
v0x55b167b05ce0_0 .net *"_s72", 0 0, L_0x55b167b091f0;  1 drivers
v0x55b167b05dc0_0 .net *"_s75", 0 0, L_0x55b167b08ff0;  1 drivers
v0x55b167b05ea0_0 .net *"_s76", 0 0, L_0x55b167b08db0;  1 drivers
v0x55b167b05f80_0 .net *"_s78", 0 0, L_0x55b167b093d0;  1 drivers
v0x55b167b06060_0 .net *"_s8", 0 0, L_0x55b167b073f0;  1 drivers
v0x55b167b06140_0 .net *"_s81", 0 0, L_0x55b167b092b0;  1 drivers
v0x55b167b06220_0 .net *"_s82", 0 0, L_0x55b167b080a0;  1 drivers
v0x55b167b06300_0 .net *"_s84", 0 0, L_0x55b167b097d0;  1 drivers
v0x55b167b063e0_0 .net *"_s87", 0 0, L_0x55b167b094e0;  1 drivers
v0x55b167b064c0_0 .net *"_s88", 0 0, L_0x55b167b09a10;  1 drivers
v0x55b167b04850_0 .net *"_s90", 0 0, L_0x55b167b09ad0;  1 drivers
v0x55b167b04930_0 .net *"_s93", 0 0, L_0x55b167b09890;  1 drivers
v0x55b167b06970_0 .net *"_s94", 0 0, L_0x55b167b09ce0;  1 drivers
v0x55b167b06a10_0 .net *"_s96", 0 0, L_0x55b167b09d50;  1 drivers
v0x55b167b06ad0_0 .net *"_s99", 0 0, L_0x55b167b09be0;  1 drivers
v0x55b167b06bb0_0 .net "x", 7 0, v0x55b167b06e90_0;  1 drivers
v0x55b167b06c90_0 .net "z", 0 0, L_0x55b167b0ae50;  alias, 1 drivers
L_0x55b167b07080 .part v0x55b167b06e90_0, 0, 1;
L_0x55b167b07260 .part v0x55b167b06e90_0, 3, 1;
L_0x55b167b07500 .part v0x55b167b06e90_0, 4, 1;
L_0x55b167b077e0 .part v0x55b167b06e90_0, 5, 1;
L_0x55b167b07ac0 .part v0x55b167b06e90_0, 6, 1;
L_0x55b167b07d80 .part v0x55b167b06e90_0, 7, 1;
L_0x55b167b08000 .part v0x55b167b06e90_0, 0, 1;
L_0x55b167b08270 .part v0x55b167b06e90_0, 1, 1;
L_0x55b167b085b0 .part v0x55b167b06e90_0, 2, 1;
L_0x55b167b08840 .part v0x55b167b06e90_0, 5, 1;
L_0x55b167b08b00 .part v0x55b167b06e90_0, 6, 1;
L_0x55b167b08a60 .part v0x55b167b06e90_0, 7, 1;
L_0x55b167b09150 .part v0x55b167b06e90_0, 0, 1;
L_0x55b167b08ff0 .part v0x55b167b06e90_0, 1, 1;
L_0x55b167b092b0 .part v0x55b167b06e90_0, 2, 1;
L_0x55b167b094e0 .part v0x55b167b06e90_0, 3, 1;
L_0x55b167b09890 .part v0x55b167b06e90_0, 4, 1;
L_0x55b167b09be0 .part v0x55b167b06e90_0, 7, 1;
L_0x55b167b0a240 .part v0x55b167b06e90_0, 1, 1;
L_0x55b167b0a120 .part v0x55b167b06e90_0, 2, 1;
L_0x55b167b0a3a0 .part v0x55b167b06e90_0, 3, 1;
L_0x55b167b0a640 .part v0x55b167b06e90_0, 4, 1;
L_0x55b167b0a8e0 .part v0x55b167b06e90_0, 5, 1;
L_0x55b167b0ab90 .part v0x55b167b06e90_0, 6, 1;
    .scope S_0x55b167acaa60;
T_0 ;
    %vpi_call 2 12 "$dumpfile", "test.vcd" {0 0 0};
    %vpi_call 2 13 "$dumpvars" {0 0 0};
    %pushi/vec4 0, 0, 1;
    %ix/load 4, 0, 0;
    %flag_set/imm 4, 0;
    %store/vec4 v0x55b167b06e90_0, 4, 1;
    %pushi/vec4 1, 0, 1;
    %ix/load 4, 1, 0;
    %flag_set/imm 4, 0;
    %store/vec4 v0x55b167b06e90_0, 4, 1;
    %pushi/vec4 2, 0, 32;
    %store/vec4 v0x55b167b06db0_0, 0, 32;
T_0.0 ;
    %load/vec4 v0x55b167b06db0_0;
    %cmpi/s 9, 0, 32;
    %jmp/0xz T_0.1, 5;
    %pushi/vec4 0, 0, 1;
    %ix/getv/s 4, v0x55b167b06db0_0;
    %store/vec4 v0x55b167b06e90_0, 4, 1;
    %load/vec4 v0x55b167b06db0_0;
    %pushi/vec4 1, 0, 32;
    %add;
    %store/vec4 v0x55b167b06db0_0, 0, 32;
    %jmp T_0.0;
T_0.1 ;
    %delay 5, 0;
    %pushi/vec4 1, 0, 1;
    %ix/load 4, 6, 0;
    %flag_set/imm 4, 0;
    %store/vec4 v0x55b167b06e90_0, 4, 1;
    %delay 5, 0;
    %pushi/vec4 0, 0, 1;
    %ix/load 4, 1, 0;
    %flag_set/imm 4, 0;
    %store/vec4 v0x55b167b06e90_0, 4, 1;
    %delay 5, 0;
    %pushi/vec4 1, 0, 1;
    %ix/load 4, 7, 0;
    %flag_set/imm 4, 0;
    %store/vec4 v0x55b167b06e90_0, 4, 1;
    %delay 5, 0;
    %pushi/vec4 0, 0, 1;
    %ix/load 4, 7, 0;
    %flag_set/imm 4, 0;
    %store/vec4 v0x55b167b06e90_0, 4, 1;
    %pushi/vec4 1, 0, 1;
    %ix/load 4, 0, 0;
    %flag_set/imm 4, 0;
    %store/vec4 v0x55b167b06e90_0, 4, 1;
    %pushi/vec4 0, 0, 1;
    %ix/load 4, 6, 0;
    %flag_set/imm 4, 0;
    %store/vec4 v0x55b167b06e90_0, 4, 1;
    %delay 5, 0;
    %pushi/vec4 0, 0, 1;
    %ix/load 4, 0, 0;
    %flag_set/imm 4, 0;
    %store/vec4 v0x55b167b06e90_0, 4, 1;
    %delay 20, 0;
    %vpi_call 2 38 "$finish" {0 0 0};
    %end;
    .thread T_0;
# The file index is used to find the file name in the following table.
:file_names 4;
    "N/A";
    "<interactive>";
    "test.v";
    "pow2.sv";
