#! /usr/bin/vvp
:ivl_version "10.1 (stable)";
:ivl_delay_selection "TYPICAL";
:vpi_time_precision + 0;
:vpi_module "system";
:vpi_module "vhdl_sys";
:vpi_module "v2005_math";
:vpi_module "va_math";
S_0x55b0d28188c0 .scope module, "test" "test" 2 1;
 .timescale 0 0;
v0x55b0d283bb80_0 .var "clock", 0 0;
v0x55b0d283bc70_0 .var "x", 1 0;
v0x55b0d283bd30_0 .net "z", 0 0, L_0x55b0d283dc10;  1 drivers
S_0x55b0d2804900 .scope module, "v" "ver" 2 7, 3 1 0, S_0x55b0d28188c0;
 .timescale 0 0;
    .port_info 0 /OUTPUT 1 "z"
    .port_info 1 /INPUT 2 "x"
    .port_info 2 /INPUT 1 "clock"
v0x55b0d283b6c0_0 .net "clock", 0 0, v0x55b0d283bb80_0;  1 drivers
v0x55b0d283b790_0 .net "out1", 1 0, L_0x55b0d283c390;  1 drivers
v0x55b0d283b880_0 .net "out2", 1 0, v0x55b0d2839ae0_0;  1 drivers
v0x55b0d283b920_0 .net "x", 1 0, v0x55b0d283bc70_0;  1 drivers
v0x55b0d283ba30_0 .net "z", 0 0, L_0x55b0d283dc10;  alias, 1 drivers
S_0x55b0d2804b20 .scope module, "omg" "omega" 3 8, 4 1 0, S_0x55b0d2804900;
 .timescale 0 0;
    .port_info 0 /OUTPUT 1 "z"
    .port_info 1 /INPUT 2 "x"
    .port_info 2 /INPUT 2 "s"
L_0x55b0d283c6b0 .functor NOT 1, L_0x55b0d283d690, C4<0>, C4<0>, C4<0>;
L_0x55b0d283d730 .functor AND 1, L_0x55b0d283d5f0, L_0x55b0d283c6b0, C4<1>, C4<1>;
L_0x55b0d283d8e0 .functor NOT 1, L_0x55b0d283d840, C4<0>, C4<0>, C4<0>;
L_0x55b0d283da40 .functor NOT 1, L_0x55b0d283d9a0, C4<0>, C4<0>, C4<0>;
L_0x55b0d283db00 .functor AND 1, L_0x55b0d283d8e0, L_0x55b0d283da40, C4<1>, C4<1>;
L_0x55b0d283dc10 .functor OR 1, L_0x55b0d283d730, L_0x55b0d283db00, C4<0>, C4<0>;
v0x55b0d2816060_0 .net *"_s1", 0 0, L_0x55b0d283d5f0;  1 drivers
v0x55b0d2838b10_0 .net *"_s10", 0 0, L_0x55b0d283d8e0;  1 drivers
v0x55b0d2838bf0_0 .net *"_s13", 0 0, L_0x55b0d283d9a0;  1 drivers
v0x55b0d2838ce0_0 .net *"_s14", 0 0, L_0x55b0d283da40;  1 drivers
v0x55b0d2838dc0_0 .net *"_s16", 0 0, L_0x55b0d283db00;  1 drivers
v0x55b0d2838ef0_0 .net *"_s3", 0 0, L_0x55b0d283d690;  1 drivers
v0x55b0d2838fd0_0 .net *"_s4", 0 0, L_0x55b0d283c6b0;  1 drivers
v0x55b0d28390b0_0 .net *"_s6", 0 0, L_0x55b0d283d730;  1 drivers
v0x55b0d2839190_0 .net *"_s9", 0 0, L_0x55b0d283d840;  1 drivers
v0x55b0d2839300_0 .net "s", 1 0, v0x55b0d2839ae0_0;  alias, 1 drivers
v0x55b0d28393e0_0 .net "x", 1 0, v0x55b0d283bc70_0;  alias, 1 drivers
v0x55b0d28394c0_0 .net "z", 0 0, L_0x55b0d283dc10;  alias, 1 drivers
L_0x55b0d283d5f0 .part v0x55b0d2839ae0_0, 1, 1;
L_0x55b0d283d690 .part v0x55b0d2839ae0_0, 0, 1;
L_0x55b0d283d840 .part v0x55b0d283bc70_0, 1, 1;
L_0x55b0d283d9a0 .part v0x55b0d283bc70_0, 0, 1;
S_0x55b0d2839600 .scope module, "s" "registro" 3 7, 5 1 0, S_0x55b0d2804900;
 .timescale 0 0;
    .port_info 0 /OUTPUT 2 "stato"
    .port_info 1 /INPUT 2 "inval"
    .port_info 2 /INPUT 1 "enable"
    .port_info 3 /INPUT 1 "clock"
v0x55b0d2839850_0 .net "clock", 0 0, v0x55b0d283bb80_0;  alias, 1 drivers
L_0x7f9826945018 .functor BUFT 1, C4<1>, C4<0>, C4<0>, C4<0>;
v0x55b0d2839930_0 .net "enable", 0 0, L_0x7f9826945018;  1 drivers
v0x55b0d28399f0_0 .net "inval", 1 0, L_0x55b0d283c390;  alias, 1 drivers
v0x55b0d2839ae0_0 .var "stato", 1 0;
E_0x55b0d28397f0 .event posedge, v0x55b0d2839850_0;
S_0x55b0d2839c60 .scope module, "sig" "sigma" 3 6, 6 1 0, S_0x55b0d2804900;
 .timescale 0 0;
    .port_info 0 /OUTPUT 2 "w"
    .port_info 1 /INPUT 2 "x"
    .port_info 2 /INPUT 2 "s"
L_0x55b0d283c080 .functor NOT 1, L_0x55b0d283bf50, C4<0>, C4<0>, C4<0>;
L_0x55b0d283c120 .functor AND 1, L_0x55b0d283be20, L_0x55b0d283c080, C4<1>, C4<1>;
L_0x55b0d283c280 .functor AND 1, L_0x55b0d283c120, L_0x55b0d283c1e0, C4<1>, C4<1>;
L_0x55b0d283c520 .functor NOT 1, L_0x55b0d283c480, C4<0>, C4<0>, C4<0>;
L_0x55b0d283c720 .functor AND 1, L_0x55b0d283c520, L_0x55b0d283c610, C4<1>, C4<1>;
L_0x55b0d283c8d0 .functor NOT 1, L_0x55b0d283c830, C4<0>, C4<0>, C4<0>;
L_0x55b0d283cac0 .functor AND 1, L_0x55b0d283c8d0, L_0x55b0d283c9d0, C4<1>, C4<1>;
L_0x55b0d283cc70 .functor NOT 1, L_0x55b0d283cbd0, C4<0>, C4<0>, C4<0>;
L_0x55b0d283cd80 .functor AND 1, L_0x55b0d283cac0, L_0x55b0d283cc70, C4<1>, C4<1>;
L_0x55b0d283ce90 .functor OR 1, L_0x55b0d283c720, L_0x55b0d283cd80, C4<0>, C4<0>;
L_0x55b0d283bff0 .functor NOT 1, L_0x55b0d283d1b0, C4<0>, C4<0>, C4<0>;
L_0x55b0d283d360 .functor AND 1, L_0x55b0d283d000, L_0x55b0d283bff0, C4<1>, C4<1>;
L_0x55b0d283d490 .functor OR 1, L_0x55b0d283ce90, L_0x55b0d283d360, C4<0>, C4<0>;
v0x55b0d2839e80_0 .net *"_s11", 0 0, L_0x55b0d283c1e0;  1 drivers
v0x55b0d2839f80_0 .net *"_s12", 0 0, L_0x55b0d283c280;  1 drivers
v0x55b0d283a060_0 .net *"_s18", 0 0, L_0x55b0d283c480;  1 drivers
v0x55b0d283a150_0 .net *"_s19", 0 0, L_0x55b0d283c520;  1 drivers
v0x55b0d283a230_0 .net *"_s22", 0 0, L_0x55b0d283c610;  1 drivers
v0x55b0d283a360_0 .net *"_s23", 0 0, L_0x55b0d283c720;  1 drivers
v0x55b0d283a440_0 .net *"_s26", 0 0, L_0x55b0d283c830;  1 drivers
v0x55b0d283a520_0 .net *"_s27", 0 0, L_0x55b0d283c8d0;  1 drivers
v0x55b0d283a600_0 .net *"_s3", 0 0, L_0x55b0d283be20;  1 drivers
v0x55b0d283a770_0 .net *"_s30", 0 0, L_0x55b0d283c9d0;  1 drivers
v0x55b0d283a850_0 .net *"_s31", 0 0, L_0x55b0d283cac0;  1 drivers
v0x55b0d283a930_0 .net *"_s34", 0 0, L_0x55b0d283cbd0;  1 drivers
v0x55b0d283aa10_0 .net *"_s35", 0 0, L_0x55b0d283cc70;  1 drivers
v0x55b0d283aaf0_0 .net *"_s37", 0 0, L_0x55b0d283cd80;  1 drivers
v0x55b0d283abd0_0 .net *"_s39", 0 0, L_0x55b0d283ce90;  1 drivers
v0x55b0d283acb0_0 .net *"_s42", 0 0, L_0x55b0d283d000;  1 drivers
v0x55b0d283ad90_0 .net *"_s44", 0 0, L_0x55b0d283d1b0;  1 drivers
v0x55b0d283af40_0 .net *"_s45", 0 0, L_0x55b0d283bff0;  1 drivers
v0x55b0d283afe0_0 .net *"_s47", 0 0, L_0x55b0d283d360;  1 drivers
v0x55b0d283b0c0_0 .net *"_s49", 0 0, L_0x55b0d283d490;  1 drivers
v0x55b0d283b1a0_0 .net *"_s5", 0 0, L_0x55b0d283bf50;  1 drivers
v0x55b0d283b280_0 .net *"_s6", 0 0, L_0x55b0d283c080;  1 drivers
v0x55b0d283b360_0 .net *"_s8", 0 0, L_0x55b0d283c120;  1 drivers
v0x55b0d283b440_0 .net "s", 1 0, v0x55b0d2839ae0_0;  alias, 1 drivers
v0x55b0d283b500_0 .net "w", 1 0, L_0x55b0d283c390;  alias, 1 drivers
v0x55b0d283b5c0_0 .net "x", 1 0, v0x55b0d283bc70_0;  alias, 1 drivers
L_0x55b0d283be20 .part v0x55b0d2839ae0_0, 1, 1;
L_0x55b0d283bf50 .part v0x55b0d283bc70_0, 0, 1;
L_0x55b0d283c1e0 .part v0x55b0d283bc70_0, 1, 1;
L_0x55b0d283c390 .concat8 [ 1 1 0 0], L_0x55b0d283c280, L_0x55b0d283d490;
L_0x55b0d283c480 .part v0x55b0d2839ae0_0, 0, 1;
L_0x55b0d283c610 .part v0x55b0d283bc70_0, 1, 1;
L_0x55b0d283c830 .part v0x55b0d2839ae0_0, 0, 1;
L_0x55b0d283c9d0 .part v0x55b0d2839ae0_0, 1, 1;
L_0x55b0d283cbd0 .part v0x55b0d283bc70_0, 0, 1;
L_0x55b0d283d000 .part v0x55b0d2839ae0_0, 1, 1;
L_0x55b0d283d1b0 .part v0x55b0d283bc70_0, 1, 1;
    .scope S_0x55b0d2839600;
T_0 ;
    %pushi/vec4 0, 0, 2;
    %store/vec4 v0x55b0d2839ae0_0, 0, 2;
    %end;
    .thread T_0;
    .scope S_0x55b0d2839600;
T_1 ;
    %wait E_0x55b0d28397f0;
    %load/vec4 v0x55b0d2839930_0;
    %flag_set/vec4 8;
    %jmp/0xz  T_1.0, 8;
    %load/vec4 v0x55b0d28399f0_0;
    %assign/vec4 v0x55b0d2839ae0_0, 0;
T_1.0 ;
    %jmp T_1;
    .thread T_1;
    .scope S_0x55b0d28188c0;
T_2 ;
    %pushi/vec4 0, 0, 1;
    %store/vec4 v0x55b0d283bb80_0, 0, 1;
    %end;
    .thread T_2;
    .scope S_0x55b0d28188c0;
T_3 ;
    %delay 2, 0;
    %pushi/vec4 1, 0, 1;
    %store/vec4 v0x55b0d283bb80_0, 0, 1;
    %delay 1, 0;
    %pushi/vec4 0, 0, 1;
    %store/vec4 v0x55b0d283bb80_0, 0, 1;
    %jmp T_3;
    .thread T_3;
    .scope S_0x55b0d28188c0;
T_4 ;
    %vpi_call 2 20 "$dumpfile", "test.vcd" {0 0 0};
    %vpi_call 2 21 "$dumpvars" {0 0 0};
    %pushi/vec4 0, 0, 2;
    %store/vec4 v0x55b0d283bc70_0, 0, 2;
    %delay 4, 0;
    %pushi/vec4 1, 0, 2;
    %store/vec4 v0x55b0d283bc70_0, 0, 2;
    %delay 5, 0;
    %pushi/vec4 1, 0, 2;
    %store/vec4 v0x55b0d283bc70_0, 0, 2;
    %delay 2, 0;
    %pushi/vec4 0, 0, 2;
    %store/vec4 v0x55b0d283bc70_0, 0, 2;
    %end;
    .thread T_4;
# The file index is used to find the file name in the following table.
:file_names 7;
    "N/A";
    "<interactive>";
    "test.v";
    "ver.sv";
    "omega.sv";
    "registro.sv";
    "sigma.sv";
