#! /usr/bin/vvp
:ivl_version "10.1 (stable)";
:ivl_delay_selection "TYPICAL";
:vpi_time_precision + 0;
:vpi_module "system";
:vpi_module "vhdl_sys";
:vpi_module "v2005_math";
:vpi_module "va_math";
S_0x55a5c02ccaf0 .scope module, "test" "test" 2 1;
 .timescale 0 0;
v0x55a5c0312dc0_0 .var/i "i", 31 0;
v0x55a5c0312ea0_0 .var "x", 7 0;
v0x55a5c0312f90_0 .net "z", 2 0, L_0x55a5c0317810;  1 drivers
S_0x55a5c02ccc70 .scope module, "mybit" "bitsign" 2 8, 3 1 0, S_0x55a5c02ccaf0;
 .timescale 0 0;
    .port_info 0 /OUTPUT 3 "z"
    .port_info 1 /INPUT 8 "x"
L_0x55a5c0313250 .functor NOT 1, L_0x55a5c03131b0, C4<0>, C4<0>, C4<0>;
L_0x55a5c0313340 .functor AND 1, L_0x55a5c0313090, L_0x55a5c0313250, C4<1>, C4<1>;
L_0x55a5c0313580 .functor NOT 1, L_0x55a5c0313450, C4<0>, C4<0>, C4<0>;
L_0x55a5c03135f0 .functor AND 1, L_0x55a5c0313340, L_0x55a5c0313580, C4<1>, C4<1>;
L_0x55a5c03137d0 .functor NOT 1, L_0x55a5c0313700, C4<0>, C4<0>, C4<0>;
L_0x55a5c03138c0 .functor AND 1, L_0x55a5c03135f0, L_0x55a5c03137d0, C4<1>, C4<1>;
L_0x55a5c0313ab0 .functor NOT 1, L_0x55a5c0313a10, C4<0>, C4<0>, C4<0>;
L_0x55a5c0313b70 .functor AND 1, L_0x55a5c03138c0, L_0x55a5c0313ab0, C4<1>, C4<1>;
L_0x55a5c0313d70 .functor NOT 1, L_0x55a5c0313cd0, C4<0>, C4<0>, C4<0>;
L_0x55a5c0313e30 .functor AND 1, L_0x55a5c0313b70, L_0x55a5c0313d70, C4<1>, C4<1>;
L_0x55a5c03134f0 .functor NOT 1, L_0x55a5c0313fa0, C4<0>, C4<0>, C4<0>;
L_0x55a5c0314150 .functor AND 1, L_0x55a5c0313e30, L_0x55a5c03134f0, C4<1>, C4<1>;
L_0x55a5c0314460 .functor NOT 1, L_0x55a5c03143c0, C4<0>, C4<0>, C4<0>;
L_0x55a5c0314520 .functor AND 1, L_0x55a5c03142d0, L_0x55a5c0314460, C4<1>, C4<1>;
L_0x55a5c0314260 .functor NOT 1, L_0x55a5c03146b0, C4<0>, C4<0>, C4<0>;
L_0x55a5c0314750 .functor AND 1, L_0x55a5c0314520, L_0x55a5c0314260, C4<1>, C4<1>;
L_0x55a5c0314990 .functor NOT 1, L_0x55a5c03148f0, C4<0>, C4<0>, C4<0>;
L_0x55a5c0314a50 .functor AND 1, L_0x55a5c0314750, L_0x55a5c0314990, C4<1>, C4<1>;
L_0x55a5c0314ca0 .functor NOT 1, L_0x55a5c0314c00, C4<0>, C4<0>, C4<0>;
L_0x55a5c0314d60 .functor AND 1, L_0x55a5c0314a50, L_0x55a5c0314ca0, C4<1>, C4<1>;
L_0x55a5c0314b60 .functor OR 1, L_0x55a5c0314150, L_0x55a5c0314d60, C4<0>, C4<0>;
L_0x55a5c0315100 .functor NOT 1, L_0x55a5c0315060, C4<0>, C4<0>, C4<0>;
L_0x55a5c0314e70 .functor AND 1, L_0x55a5c0314fc0, L_0x55a5c0315100, C4<1>, C4<1>;
L_0x55a5c0314040 .functor NOT 1, L_0x55a5c0315320, C4<0>, C4<0>, C4<0>;
L_0x55a5c03151c0 .functor AND 1, L_0x55a5c0314e70, L_0x55a5c0314040, C4<1>, C4<1>;
L_0x55a5c03156a0 .functor OR 1, L_0x55a5c0314b60, L_0x55a5c03151c0, C4<0>, C4<0>;
L_0x55a5c0315890 .functor OR 1, L_0x55a5c03156a0, L_0x55a5c03155d0, C4<0>, C4<0>;
L_0x55a5c0314860 .functor NOT 1, L_0x55a5c0315a40, C4<0>, C4<0>, C4<0>;
L_0x55a5c03157b0 .functor AND 1, L_0x55a5c03159a0, L_0x55a5c0314860, C4<1>, C4<1>;
L_0x55a5c0315db0 .functor NOT 1, L_0x55a5c0315d10, C4<0>, C4<0>, C4<0>;
L_0x55a5c0315bd0 .functor AND 1, L_0x55a5c03157b0, L_0x55a5c0315db0, C4<1>, C4<1>;
L_0x55a5c0315ae0 .functor NOT 1, L_0x55a5c0315fc0, C4<0>, C4<0>, C4<0>;
L_0x55a5c0315e70 .functor AND 1, L_0x55a5c0315bd0, L_0x55a5c0315ae0, C4<1>, C4<1>;
L_0x55a5c0316360 .functor NOT 1, L_0x55a5c03162c0, C4<0>, C4<0>, C4<0>;
L_0x55a5c0316160 .functor AND 1, L_0x55a5c0315e70, L_0x55a5c0316360, C4<1>, C4<1>;
L_0x55a5c0316060 .functor NOT 1, L_0x55a5c0316540, C4<0>, C4<0>, C4<0>;
L_0x55a5c0316420 .functor AND 1, L_0x55a5c0316160, L_0x55a5c0316060, C4<1>, C4<1>;
L_0x55a5c03165e0 .functor NOT 1, L_0x55a5c03168c0, C4<0>, C4<0>, C4<0>;
L_0x55a5c03166f0 .functor AND 1, L_0x55a5c0316820, L_0x55a5c03165e0, C4<1>, C4<1>;
L_0x55a5c0316c10 .functor NOT 1, L_0x55a5c0316b70, C4<0>, C4<0>, C4<0>;
L_0x55a5c0316a30 .functor AND 1, L_0x55a5c03166f0, L_0x55a5c0316c10, C4<1>, C4<1>;
L_0x55a5c0316960 .functor NOT 1, L_0x55a5c0316e20, C4<0>, C4<0>, C4<0>;
L_0x55a5c0316cd0 .functor AND 1, L_0x55a5c0316a30, L_0x55a5c0316960, C4<1>, C4<1>;
L_0x55a5c03171a0 .functor NOT 1, L_0x55a5c0317100, C4<0>, C4<0>, C4<0>;
L_0x55a5c0316fa0 .functor AND 1, L_0x55a5c0316cd0, L_0x55a5c03171a0, C4<1>, C4<1>;
L_0x55a5c03173d0 .functor OR 1, L_0x55a5c0316420, L_0x55a5c0316fa0, C4<0>, C4<0>;
L_0x55a5c0316ec0 .functor NOT 1, L_0x55a5c0317300, C4<0>, C4<0>, C4<0>;
L_0x55a5c0317700 .functor AND 1, L_0x55a5c0317260, L_0x55a5c0316ec0, C4<1>, C4<1>;
L_0x55a5c0317490 .functor OR 1, L_0x55a5c03173d0, L_0x55a5c0317700, C4<0>, C4<0>;
L_0x55a5c03175a0 .functor OR 1, L_0x55a5c0317490, L_0x55a5c03179a0, C4<0>, C4<0>;
L_0x55a5c0314630 .functor NOT 1, L_0x55a5c03154d0, C4<0>, C4<0>, C4<0>;
L_0x55a5c0317a40 .functor AND 1, L_0x55a5c0317ce0, L_0x55a5c0314630, C4<1>, C4<1>;
L_0x55a5c03153c0 .functor NOT 1, L_0x55a5c0317b00, C4<0>, C4<0>, C4<0>;
L_0x55a5c0318340 .functor AND 1, L_0x55a5c0317a40, L_0x55a5c03153c0, C4<1>, C4<1>;
L_0x55a5c0318230 .functor NOT 1, L_0x55a5c0318190, C4<0>, C4<0>, C4<0>;
L_0x55a5c0318570 .functor AND 1, L_0x55a5c0318340, L_0x55a5c0318230, C4<1>, C4<1>;
L_0x55a5c03184f0 .functor NOT 1, L_0x55a5c0318450, C4<0>, C4<0>, C4<0>;
L_0x55a5c0318850 .functor AND 1, L_0x55a5c03183b0, L_0x55a5c03184f0, C4<1>, C4<1>;
L_0x55a5c03186d0 .functor NOT 1, L_0x55a5c0318630, C4<0>, C4<0>, C4<0>;
L_0x55a5c0318790 .functor AND 1, L_0x55a5c0318850, L_0x55a5c03186d0, C4<1>, C4<1>;
L_0x55a5c0318960 .functor OR 1, L_0x55a5c0318570, L_0x55a5c0318790, C4<0>, C4<0>;
L_0x55a5c0317ba0 .functor NOT 1, L_0x55a5c0318dd0, C4<0>, C4<0>, C4<0>;
L_0x55a5c0317c60 .functor AND 1, L_0x55a5c0318a70, L_0x55a5c0317ba0, C4<1>, C4<1>;
L_0x55a5c0318c80 .functor OR 1, L_0x55a5c0318960, L_0x55a5c0317c60, C4<0>, C4<0>;
L_0x55a5c0319270 .functor OR 1, L_0x55a5c0318c80, L_0x55a5c03191d0, C4<0>, C4<0>;
v0x55a5c0292b50_0 .net *"_s100", 0 0, L_0x55a5c0315db0;  1 drivers
v0x55a5c030cc60_0 .net *"_s102", 0 0, L_0x55a5c0315bd0;  1 drivers
v0x55a5c030cd40_0 .net *"_s105", 0 0, L_0x55a5c0315fc0;  1 drivers
v0x55a5c030ce30_0 .net *"_s106", 0 0, L_0x55a5c0315ae0;  1 drivers
v0x55a5c030cf10_0 .net *"_s108", 0 0, L_0x55a5c0315e70;  1 drivers
v0x55a5c030d040_0 .net *"_s11", 0 0, L_0x55a5c0313450;  1 drivers
v0x55a5c030d120_0 .net *"_s111", 0 0, L_0x55a5c03162c0;  1 drivers
v0x55a5c030d200_0 .net *"_s112", 0 0, L_0x55a5c0316360;  1 drivers
v0x55a5c030d2e0_0 .net *"_s114", 0 0, L_0x55a5c0316160;  1 drivers
v0x55a5c030d450_0 .net *"_s117", 0 0, L_0x55a5c0316540;  1 drivers
v0x55a5c030d530_0 .net *"_s118", 0 0, L_0x55a5c0316060;  1 drivers
v0x55a5c030d610_0 .net *"_s12", 0 0, L_0x55a5c0313580;  1 drivers
v0x55a5c030d6f0_0 .net *"_s120", 0 0, L_0x55a5c0316420;  1 drivers
v0x55a5c030d7d0_0 .net *"_s123", 0 0, L_0x55a5c0316820;  1 drivers
v0x55a5c030d8b0_0 .net *"_s125", 0 0, L_0x55a5c03168c0;  1 drivers
v0x55a5c030d990_0 .net *"_s126", 0 0, L_0x55a5c03165e0;  1 drivers
v0x55a5c030da70_0 .net *"_s128", 0 0, L_0x55a5c03166f0;  1 drivers
v0x55a5c030dc20_0 .net *"_s131", 0 0, L_0x55a5c0316b70;  1 drivers
v0x55a5c030dcc0_0 .net *"_s132", 0 0, L_0x55a5c0316c10;  1 drivers
v0x55a5c030dda0_0 .net *"_s134", 0 0, L_0x55a5c0316a30;  1 drivers
v0x55a5c030de80_0 .net *"_s137", 0 0, L_0x55a5c0316e20;  1 drivers
v0x55a5c030df60_0 .net *"_s138", 0 0, L_0x55a5c0316960;  1 drivers
v0x55a5c030e040_0 .net *"_s14", 0 0, L_0x55a5c03135f0;  1 drivers
v0x55a5c030e120_0 .net *"_s140", 0 0, L_0x55a5c0316cd0;  1 drivers
v0x55a5c030e200_0 .net *"_s143", 0 0, L_0x55a5c0317100;  1 drivers
v0x55a5c030e2e0_0 .net *"_s144", 0 0, L_0x55a5c03171a0;  1 drivers
v0x55a5c030e3c0_0 .net *"_s146", 0 0, L_0x55a5c0316fa0;  1 drivers
v0x55a5c030e4a0_0 .net *"_s148", 0 0, L_0x55a5c03173d0;  1 drivers
v0x55a5c030e580_0 .net *"_s151", 0 0, L_0x55a5c0317260;  1 drivers
v0x55a5c030e660_0 .net *"_s153", 0 0, L_0x55a5c0317300;  1 drivers
v0x55a5c030e740_0 .net *"_s154", 0 0, L_0x55a5c0316ec0;  1 drivers
v0x55a5c030e820_0 .net *"_s156", 0 0, L_0x55a5c0317700;  1 drivers
v0x55a5c030e900_0 .net *"_s158", 0 0, L_0x55a5c0317490;  1 drivers
v0x55a5c030db50_0 .net *"_s161", 0 0, L_0x55a5c03179a0;  1 drivers
v0x55a5c030ebd0_0 .net *"_s162", 0 0, L_0x55a5c03175a0;  1 drivers
v0x55a5c030ecb0_0 .net *"_s168", 0 0, L_0x55a5c0317ce0;  1 drivers
v0x55a5c030ed90_0 .net *"_s17", 0 0, L_0x55a5c0313700;  1 drivers
v0x55a5c030ee70_0 .net *"_s170", 0 0, L_0x55a5c03154d0;  1 drivers
v0x55a5c030ef50_0 .net *"_s171", 0 0, L_0x55a5c0314630;  1 drivers
v0x55a5c030f030_0 .net *"_s173", 0 0, L_0x55a5c0317a40;  1 drivers
v0x55a5c030f110_0 .net *"_s176", 0 0, L_0x55a5c0317b00;  1 drivers
v0x55a5c030f1f0_0 .net *"_s177", 0 0, L_0x55a5c03153c0;  1 drivers
v0x55a5c030f2d0_0 .net *"_s179", 0 0, L_0x55a5c0318340;  1 drivers
v0x55a5c030f3b0_0 .net *"_s18", 0 0, L_0x55a5c03137d0;  1 drivers
v0x55a5c030f490_0 .net *"_s182", 0 0, L_0x55a5c0318190;  1 drivers
v0x55a5c030f570_0 .net *"_s183", 0 0, L_0x55a5c0318230;  1 drivers
v0x55a5c030f650_0 .net *"_s185", 0 0, L_0x55a5c0318570;  1 drivers
v0x55a5c030f730_0 .net *"_s188", 0 0, L_0x55a5c03183b0;  1 drivers
v0x55a5c030f810_0 .net *"_s190", 0 0, L_0x55a5c0318450;  1 drivers
v0x55a5c030f8f0_0 .net *"_s191", 0 0, L_0x55a5c03184f0;  1 drivers
v0x55a5c030f9d0_0 .net *"_s193", 0 0, L_0x55a5c0318850;  1 drivers
v0x55a5c030fab0_0 .net *"_s196", 0 0, L_0x55a5c0318630;  1 drivers
v0x55a5c030fb90_0 .net *"_s197", 0 0, L_0x55a5c03186d0;  1 drivers
v0x55a5c030fc70_0 .net *"_s199", 0 0, L_0x55a5c0318790;  1 drivers
v0x55a5c030fd50_0 .net *"_s20", 0 0, L_0x55a5c03138c0;  1 drivers
v0x55a5c030fe30_0 .net *"_s201", 0 0, L_0x55a5c0318960;  1 drivers
v0x55a5c030ff10_0 .net *"_s204", 0 0, L_0x55a5c0318a70;  1 drivers
v0x55a5c030fff0_0 .net *"_s206", 0 0, L_0x55a5c0318dd0;  1 drivers
v0x55a5c03100d0_0 .net *"_s207", 0 0, L_0x55a5c0317ba0;  1 drivers
v0x55a5c03101b0_0 .net *"_s209", 0 0, L_0x55a5c0317c60;  1 drivers
v0x55a5c0310290_0 .net *"_s211", 0 0, L_0x55a5c0318c80;  1 drivers
v0x55a5c0310370_0 .net *"_s214", 0 0, L_0x55a5c03191d0;  1 drivers
v0x55a5c0310450_0 .net *"_s215", 0 0, L_0x55a5c0319270;  1 drivers
v0x55a5c0310530_0 .net *"_s23", 0 0, L_0x55a5c0313a10;  1 drivers
v0x55a5c0310610_0 .net *"_s24", 0 0, L_0x55a5c0313ab0;  1 drivers
v0x55a5c030e9a0_0 .net *"_s26", 0 0, L_0x55a5c0313b70;  1 drivers
v0x55a5c030ea80_0 .net *"_s29", 0 0, L_0x55a5c0313cd0;  1 drivers
v0x55a5c0310ac0_0 .net *"_s3", 0 0, L_0x55a5c0313090;  1 drivers
v0x55a5c0310b60_0 .net *"_s30", 0 0, L_0x55a5c0313d70;  1 drivers
v0x55a5c0310c20_0 .net *"_s32", 0 0, L_0x55a5c0313e30;  1 drivers
v0x55a5c0310d00_0 .net *"_s35", 0 0, L_0x55a5c0313fa0;  1 drivers
v0x55a5c0310de0_0 .net *"_s36", 0 0, L_0x55a5c03134f0;  1 drivers
v0x55a5c0310ec0_0 .net *"_s38", 0 0, L_0x55a5c0314150;  1 drivers
v0x55a5c0310fa0_0 .net *"_s41", 0 0, L_0x55a5c03142d0;  1 drivers
v0x55a5c0311080_0 .net *"_s43", 0 0, L_0x55a5c03143c0;  1 drivers
v0x55a5c0311160_0 .net *"_s44", 0 0, L_0x55a5c0314460;  1 drivers
v0x55a5c0311240_0 .net *"_s46", 0 0, L_0x55a5c0314520;  1 drivers
v0x55a5c0311320_0 .net *"_s49", 0 0, L_0x55a5c03146b0;  1 drivers
v0x55a5c0311400_0 .net *"_s5", 0 0, L_0x55a5c03131b0;  1 drivers
v0x55a5c03114e0_0 .net *"_s50", 0 0, L_0x55a5c0314260;  1 drivers
v0x55a5c03115c0_0 .net *"_s52", 0 0, L_0x55a5c0314750;  1 drivers
v0x55a5c03116a0_0 .net *"_s55", 0 0, L_0x55a5c03148f0;  1 drivers
v0x55a5c0311780_0 .net *"_s56", 0 0, L_0x55a5c0314990;  1 drivers
v0x55a5c0311860_0 .net *"_s58", 0 0, L_0x55a5c0314a50;  1 drivers
v0x55a5c0311940_0 .net *"_s6", 0 0, L_0x55a5c0313250;  1 drivers
v0x55a5c0311a20_0 .net *"_s61", 0 0, L_0x55a5c0314c00;  1 drivers
v0x55a5c0311b00_0 .net *"_s62", 0 0, L_0x55a5c0314ca0;  1 drivers
v0x55a5c0311be0_0 .net *"_s64", 0 0, L_0x55a5c0314d60;  1 drivers
v0x55a5c0311cc0_0 .net *"_s66", 0 0, L_0x55a5c0314b60;  1 drivers
v0x55a5c0311da0_0 .net *"_s69", 0 0, L_0x55a5c0314fc0;  1 drivers
v0x55a5c0311e80_0 .net *"_s71", 0 0, L_0x55a5c0315060;  1 drivers
v0x55a5c0311f60_0 .net *"_s72", 0 0, L_0x55a5c0315100;  1 drivers
v0x55a5c0312040_0 .net *"_s74", 0 0, L_0x55a5c0314e70;  1 drivers
v0x55a5c0312120_0 .net *"_s77", 0 0, L_0x55a5c0315320;  1 drivers
v0x55a5c0312200_0 .net *"_s78", 0 0, L_0x55a5c0314040;  1 drivers
v0x55a5c03122e0_0 .net *"_s8", 0 0, L_0x55a5c0313340;  1 drivers
v0x55a5c03123c0_0 .net *"_s80", 0 0, L_0x55a5c03151c0;  1 drivers
v0x55a5c03124a0_0 .net *"_s82", 0 0, L_0x55a5c03156a0;  1 drivers
v0x55a5c0312580_0 .net *"_s85", 0 0, L_0x55a5c03155d0;  1 drivers
v0x55a5c0312660_0 .net *"_s86", 0 0, L_0x55a5c0315890;  1 drivers
v0x55a5c0312740_0 .net *"_s91", 0 0, L_0x55a5c03159a0;  1 drivers
v0x55a5c0312820_0 .net *"_s93", 0 0, L_0x55a5c0315a40;  1 drivers
v0x55a5c0312900_0 .net *"_s94", 0 0, L_0x55a5c0314860;  1 drivers
v0x55a5c03129e0_0 .net *"_s96", 0 0, L_0x55a5c03157b0;  1 drivers
v0x55a5c0312ac0_0 .net *"_s99", 0 0, L_0x55a5c0315d10;  1 drivers
v0x55a5c0312ba0_0 .net "x", 7 0, v0x55a5c0312ea0_0;  1 drivers
v0x55a5c0312c80_0 .net "z", 2 0, L_0x55a5c0317810;  alias, 1 drivers
L_0x55a5c0313090 .part v0x55a5c0312ea0_0, 1, 1;
L_0x55a5c03131b0 .part v0x55a5c0312ea0_0, 2, 1;
L_0x55a5c0313450 .part v0x55a5c0312ea0_0, 3, 1;
L_0x55a5c0313700 .part v0x55a5c0312ea0_0, 4, 1;
L_0x55a5c0313a10 .part v0x55a5c0312ea0_0, 5, 1;
L_0x55a5c0313cd0 .part v0x55a5c0312ea0_0, 6, 1;
L_0x55a5c0313fa0 .part v0x55a5c0312ea0_0, 7, 1;
L_0x55a5c03142d0 .part v0x55a5c0312ea0_0, 3, 1;
L_0x55a5c03143c0 .part v0x55a5c0312ea0_0, 4, 1;
L_0x55a5c03146b0 .part v0x55a5c0312ea0_0, 5, 1;
L_0x55a5c03148f0 .part v0x55a5c0312ea0_0, 6, 1;
L_0x55a5c0314c00 .part v0x55a5c0312ea0_0, 7, 1;
L_0x55a5c0314fc0 .part v0x55a5c0312ea0_0, 5, 1;
L_0x55a5c0315060 .part v0x55a5c0312ea0_0, 6, 1;
L_0x55a5c0315320 .part v0x55a5c0312ea0_0, 7, 1;
L_0x55a5c03155d0 .part v0x55a5c0312ea0_0, 7, 1;
L_0x55a5c03159a0 .part v0x55a5c0312ea0_0, 2, 1;
L_0x55a5c0315a40 .part v0x55a5c0312ea0_0, 3, 1;
L_0x55a5c0315d10 .part v0x55a5c0312ea0_0, 4, 1;
L_0x55a5c0315fc0 .part v0x55a5c0312ea0_0, 5, 1;
L_0x55a5c03162c0 .part v0x55a5c0312ea0_0, 6, 1;
L_0x55a5c0316540 .part v0x55a5c0312ea0_0, 7, 1;
L_0x55a5c0316820 .part v0x55a5c0312ea0_0, 3, 1;
L_0x55a5c03168c0 .part v0x55a5c0312ea0_0, 4, 1;
L_0x55a5c0316b70 .part v0x55a5c0312ea0_0, 5, 1;
L_0x55a5c0316e20 .part v0x55a5c0312ea0_0, 6, 1;
L_0x55a5c0317100 .part v0x55a5c0312ea0_0, 7, 1;
L_0x55a5c0317260 .part v0x55a5c0312ea0_0, 6, 1;
L_0x55a5c0317300 .part v0x55a5c0312ea0_0, 7, 1;
L_0x55a5c03179a0 .part v0x55a5c0312ea0_0, 7, 1;
L_0x55a5c0317810 .concat8 [ 1 1 1 0], L_0x55a5c0315890, L_0x55a5c03175a0, L_0x55a5c0319270;
L_0x55a5c0317ce0 .part v0x55a5c0312ea0_0, 4, 1;
L_0x55a5c03154d0 .part v0x55a5c0312ea0_0, 5, 1;
L_0x55a5c0317b00 .part v0x55a5c0312ea0_0, 6, 1;
L_0x55a5c0318190 .part v0x55a5c0312ea0_0, 7, 1;
L_0x55a5c03183b0 .part v0x55a5c0312ea0_0, 5, 1;
L_0x55a5c0318450 .part v0x55a5c0312ea0_0, 6, 1;
L_0x55a5c0318630 .part v0x55a5c0312ea0_0, 7, 1;
L_0x55a5c0318a70 .part v0x55a5c0312ea0_0, 6, 1;
L_0x55a5c0318dd0 .part v0x55a5c0312ea0_0, 7, 1;
L_0x55a5c03191d0 .part v0x55a5c0312ea0_0, 7, 1;
    .scope S_0x55a5c02ccaf0;
T_0 ;
    %vpi_call 2 12 "$dumpfile", "test.vcd" {0 0 0};
    %vpi_call 2 13 "$dumpvars" {0 0 0};
    %pushi/vec4 1, 0, 32;
    %store/vec4 v0x55a5c0312dc0_0, 0, 32;
T_0.0 ;
    %load/vec4 v0x55a5c0312dc0_0;
    %cmpi/s 8, 0, 32;
    %jmp/0xz T_0.1, 5;
    %pushi/vec4 0, 0, 1;
    %ix/getv/s 4, v0x55a5c0312dc0_0;
    %store/vec4 v0x55a5c0312ea0_0, 4, 1;
    %load/vec4 v0x55a5c0312dc0_0;
    %pushi/vec4 1, 0, 32;
    %add;
    %store/vec4 v0x55a5c0312dc0_0, 0, 32;
    %jmp T_0.0;
T_0.1 ;
    %pushi/vec4 1, 0, 1;
    %ix/load 4, 0, 0;
    %flag_set/imm 4, 0;
    %store/vec4 v0x55a5c0312ea0_0, 4, 1;
    %delay 5, 0;
    %pushi/vec4 1, 0, 1;
    %ix/load 4, 5, 0;
    %flag_set/imm 4, 0;
    %store/vec4 v0x55a5c0312ea0_0, 4, 1;
    %pushi/vec4 1, 0, 1;
    %ix/load 4, 4, 0;
    %flag_set/imm 4, 0;
    %store/vec4 v0x55a5c0312ea0_0, 4, 1;
    %delay 5, 0;
    %pushi/vec4 0, 0, 1;
    %ix/load 4, 5, 0;
    %flag_set/imm 4, 0;
    %store/vec4 v0x55a5c0312ea0_0, 4, 1;
    %delay 5, 0;
    %pushi/vec4 1, 0, 1;
    %ix/load 4, 7, 0;
    %flag_set/imm 4, 0;
    %store/vec4 v0x55a5c0312ea0_0, 4, 1;
    %delay 10, 0;
    %vpi_call 2 31 "$finish" {0 0 0};
    %end;
    .thread T_0;
# The file index is used to find the file name in the following table.
:file_names 4;
    "N/A";
    "<interactive>";
    "test.v";
    "bitsign.sv";
