#! /usr/bin/vvp
:ivl_version "10.1 (stable)";
:ivl_delay_selection "TYPICAL";
:vpi_time_precision + 0;
:vpi_module "system";
:vpi_module "vhdl_sys";
:vpi_module "v2005_math";
:vpi_module "va_math";
S_0x557c30604df0 .scope module, "test" "test" 2 1;
 .timescale 0 0;
v0x557c30629e90_0 .var "ic", 1 0;
v0x557c30629f70_0 .net "out", 0 0, L_0x557c3062b180;  1 drivers
v0x557c3062a060_0 .var "x", 1 0;
v0x557c3062a100_0 .var "y", 1 0;
S_0x557c30607f10 .scope module, "mymux" "mux4" 2 8, 3 1 0, S_0x557c30604df0;
 .timescale 0 0;
    .port_info 0 /OUTPUT 1 "z"
    .port_info 1 /INPUT 2 "x"
    .port_info 2 /INPUT 2 "y"
    .port_info 3 /INPUT 2 "ic"
v0x557c306298c0_0 .net "ic", 1 0, v0x557c30629e90_0;  1 drivers
v0x557c306299c0_0 .net "out1", 0 0, L_0x557c3062a480;  1 drivers
v0x557c30629ad0_0 .net "out2", 0 0, L_0x557c3062aaa0;  1 drivers
v0x557c30629bc0_0 .net "x", 1 0, v0x557c3062a060_0;  1 drivers
v0x557c30629c60_0 .net "y", 1 0, v0x557c3062a100_0;  1 drivers
v0x557c30629d90_0 .net "z", 0 0, L_0x557c3062b180;  alias, 1 drivers
L_0x557c3062a590 .part v0x557c3062a060_0, 0, 1;
L_0x557c3062a6d0 .part v0x557c3062a060_0, 1, 1;
L_0x557c3062a7c0 .part v0x557c30629e90_0, 1, 1;
L_0x557c3062abb0 .part v0x557c3062a100_0, 0, 1;
L_0x557c3062acf0 .part v0x557c3062a100_0, 1, 1;
L_0x557c3062ade0 .part v0x557c30629e90_0, 1, 1;
L_0x557c3062b240 .part v0x557c30629e90_0, 0, 1;
S_0x557c30606ac0 .scope module, "m1" "mux" 3 6, 4 1 0, S_0x557c30607f10;
 .timescale 0 0;
    .port_info 0 /OUTPUT 1 "z"
    .port_info 1 /INPUT 1 "x"
    .port_info 2 /INPUT 1 "y"
    .port_info 3 /INPUT 1 "ic"
L_0x557c3062a1d0 .functor NOT 1, L_0x557c3062a7c0, C4<0>, C4<0>, C4<0>;
L_0x557c3062a2a0 .functor AND 1, L_0x557c3062a1d0, L_0x557c3062a590, C4<1>, C4<1>;
L_0x557c3062a390 .functor AND 1, L_0x557c3062a7c0, L_0x557c3062a6d0, C4<1>, C4<1>;
L_0x557c3062a480 .functor OR 1, L_0x557c3062a2a0, L_0x557c3062a390, C4<0>, C4<0>;
v0x557c30604a30_0 .net *"_s0", 0 0, L_0x557c3062a1d0;  1 drivers
v0x557c30628170_0 .net *"_s2", 0 0, L_0x557c3062a2a0;  1 drivers
v0x557c30628250_0 .net *"_s4", 0 0, L_0x557c3062a390;  1 drivers
v0x557c30628340_0 .net "ic", 0 0, L_0x557c3062a7c0;  1 drivers
v0x557c30628400_0 .net "x", 0 0, L_0x557c3062a590;  1 drivers
v0x557c30628510_0 .net "y", 0 0, L_0x557c3062a6d0;  1 drivers
v0x557c306285d0_0 .net "z", 0 0, L_0x557c3062a480;  alias, 1 drivers
S_0x557c30628710 .scope module, "m2" "mux" 3 7, 4 1 0, S_0x557c30607f10;
 .timescale 0 0;
    .port_info 0 /OUTPUT 1 "z"
    .port_info 1 /INPUT 1 "x"
    .port_info 2 /INPUT 1 "y"
    .port_info 3 /INPUT 1 "ic"
L_0x557c3062a8b0 .functor NOT 1, L_0x557c3062ade0, C4<0>, C4<0>, C4<0>;
L_0x557c3062a920 .functor AND 1, L_0x557c3062a8b0, L_0x557c3062abb0, C4<1>, C4<1>;
L_0x557c3062a9e0 .functor AND 1, L_0x557c3062ade0, L_0x557c3062acf0, C4<1>, C4<1>;
L_0x557c3062aaa0 .functor OR 1, L_0x557c3062a920, L_0x557c3062a9e0, C4<0>, C4<0>;
v0x557c30628970_0 .net *"_s0", 0 0, L_0x557c3062a8b0;  1 drivers
v0x557c30628a50_0 .net *"_s2", 0 0, L_0x557c3062a920;  1 drivers
v0x557c30628b30_0 .net *"_s4", 0 0, L_0x557c3062a9e0;  1 drivers
v0x557c30628c20_0 .net "ic", 0 0, L_0x557c3062ade0;  1 drivers
v0x557c30628ce0_0 .net "x", 0 0, L_0x557c3062abb0;  1 drivers
v0x557c30628df0_0 .net "y", 0 0, L_0x557c3062acf0;  1 drivers
v0x557c30628eb0_0 .net "z", 0 0, L_0x557c3062aaa0;  alias, 1 drivers
S_0x557c30628ff0 .scope module, "m3" "mux" 3 8, 4 1 0, S_0x557c30607f10;
 .timescale 0 0;
    .port_info 0 /OUTPUT 1 "z"
    .port_info 1 /INPUT 1 "x"
    .port_info 2 /INPUT 1 "y"
    .port_info 3 /INPUT 1 "ic"
L_0x557c3062aec0 .functor NOT 1, L_0x557c3062b240, C4<0>, C4<0>, C4<0>;
L_0x557c3062af30 .functor AND 1, L_0x557c3062aec0, L_0x557c3062a480, C4<1>, C4<1>;
L_0x557c3062b080 .functor AND 1, L_0x557c3062b240, L_0x557c3062aaa0, C4<1>, C4<1>;
L_0x557c3062b180 .functor OR 1, L_0x557c3062af30, L_0x557c3062b080, C4<0>, C4<0>;
v0x557c30629260_0 .net *"_s0", 0 0, L_0x557c3062aec0;  1 drivers
v0x557c30629340_0 .net *"_s2", 0 0, L_0x557c3062af30;  1 drivers
v0x557c30629420_0 .net *"_s4", 0 0, L_0x557c3062b080;  1 drivers
v0x557c30629510_0 .net "ic", 0 0, L_0x557c3062b240;  1 drivers
v0x557c306295d0_0 .net "x", 0 0, L_0x557c3062a480;  alias, 1 drivers
v0x557c306296c0_0 .net "y", 0 0, L_0x557c3062aaa0;  alias, 1 drivers
v0x557c30629790_0 .net "z", 0 0, L_0x557c3062b180;  alias, 1 drivers
    .scope S_0x557c30604df0;
T_0 ;
    %vpi_call 2 12 "$dumpfile", "test.vcd" {0 0 0};
    %vpi_call 2 13 "$dumpvars" {0 0 0};
    %pushi/vec4 1, 0, 1;
    %ix/load 4, 0, 0;
    %flag_set/imm 4, 0;
    %store/vec4 v0x557c3062a060_0, 4, 1;
    %pushi/vec4 0, 0, 1;
    %ix/load 4, 1, 0;
    %flag_set/imm 4, 0;
    %store/vec4 v0x557c3062a060_0, 4, 1;
    %pushi/vec4 0, 0, 1;
    %ix/load 4, 0, 0;
    %flag_set/imm 4, 0;
    %store/vec4 v0x557c3062a100_0, 4, 1;
    %pushi/vec4 0, 0, 1;
    %ix/load 4, 1, 0;
    %flag_set/imm 4, 0;
    %store/vec4 v0x557c3062a100_0, 4, 1;
    %pushi/vec4 0, 0, 1;
    %ix/load 4, 0, 0;
    %flag_set/imm 4, 0;
    %store/vec4 v0x557c30629e90_0, 4, 1;
    %pushi/vec4 0, 0, 1;
    %ix/load 4, 1, 0;
    %flag_set/imm 4, 0;
    %store/vec4 v0x557c30629e90_0, 4, 1;
    %delay 5, 0;
    %pushi/vec4 1, 0, 1;
    %ix/load 4, 1, 0;
    %flag_set/imm 4, 0;
    %store/vec4 v0x557c30629e90_0, 4, 1;
    %delay 5, 0;
    %vpi_call 2 20 "$finish" {0 0 0};
    %end;
    .thread T_0;
# The file index is used to find the file name in the following table.
:file_names 5;
    "N/A";
    "<interactive>";
    "test.v";
    "mux4.sv";
    "mux.v";
