#! /usr/bin/vvp
:ivl_version "10.1 (stable)";
:ivl_delay_selection "TYPICAL";
:vpi_time_precision + 0;
:vpi_module "system";
:vpi_module "vhdl_sys";
:vpi_module "v2005_math";
:vpi_module "va_math";
S_0x55f482a4a610 .scope module, "test" "test" 2 1;
 .timescale 0 0;
v0x55f482a72340_0 .var "clk", 0 0;
v0x55f482a72400_0 .var "x", 2 0;
v0x55f482a72510_0 .var "y", 2 0;
v0x55f482a72600_0 .net "z", 7 0, L_0x55f482a83220;  1 drivers
S_0x55f482a4bc30 .scope module, "myccu" "ccu" 2 8, 3 1 0, S_0x55f482a4a610;
 .timescale 0 0;
    .port_info 0 /OUTPUT 8 "z"
    .port_info 1 /INPUT 3 "x"
    .port_info 2 /INPUT 3 "y"
    .port_info 3 /INPUT 1 "clk"
v0x55f482a71c60_0 .net "clk", 0 0, v0x55f482a72340_0;  1 drivers
v0x55f482a71d70_0 .net "confalu", 7 0, L_0x55f482a72af0;  1 drivers
v0x55f482a71e30_0 .net "inalu", 0 0, L_0x55f482a72970;  1 drivers
v0x55f482a71ed0_0 .net "inreg", 7 0, L_0x55f482a83090;  1 drivers
v0x55f482a71fc0_0 .net "outreg", 7 0, v0x55f482a704c0_0;  1 drivers
v0x55f482a720b0_0 .net "x", 2 0, v0x55f482a72400_0;  1 drivers
v0x55f482a72170_0 .net "y", 2 0, v0x55f482a72510_0;  1 drivers
v0x55f482a72210_0 .net "z", 7 0, L_0x55f482a83220;  alias, 1 drivers
S_0x55f482a47b10 .scope module, "myconf" "confrontatore" 3 10, 4 1 0, S_0x55f482a4bc30;
 .timescale 0 0;
    .port_info 0 /OUTPUT 1 "z"
    .port_info 1 /INPUT 3 "x"
    .port_info 2 /INPUT 3 "y"
v0x55f482a48df0_0 .net *"_s0", 0 0, L_0x55f482a72710;  1 drivers
L_0x7f725a188018 .functor BUFT 1, C4<01>, C4<0>, C4<0>, C4<0>;
v0x55f482a6f550_0 .net/2s *"_s2", 1 0, L_0x7f725a188018;  1 drivers
L_0x7f725a188060 .functor BUFT 1, C4<00>, C4<0>, C4<0>, C4<0>;
v0x55f482a6f630_0 .net/2s *"_s4", 1 0, L_0x7f725a188060;  1 drivers
v0x55f482a6f720_0 .net *"_s6", 1 0, L_0x55f482a727b0;  1 drivers
v0x55f482a6f800_0 .net "x", 2 0, v0x55f482a72400_0;  alias, 1 drivers
v0x55f482a6f930_0 .net "y", 2 0, v0x55f482a72510_0;  alias, 1 drivers
v0x55f482a6fa10_0 .net "z", 0 0, L_0x55f482a72970;  alias, 1 drivers
L_0x55f482a72710 .cmp/eq 3, v0x55f482a72400_0, v0x55f482a72510_0;
L_0x55f482a727b0 .functor MUXZ 2, L_0x7f725a188060, L_0x7f725a188018, L_0x55f482a72710, C4<>;
L_0x55f482a72970 .delay 1 (2,2,2) L_0x55f482a72970/d;
L_0x55f482a72970/d .part L_0x55f482a727b0, 0, 1;
S_0x55f482a6fb50 .scope module, "om" "omega" 3 14, 5 1 0, S_0x55f482a4bc30;
 .timescale 0 0;
    .port_info 0 /OUTPUT 8 "z"
    .port_info 1 /INPUT 8 "x"
L_0x55f482a83220 .functor BUFZ 8, v0x55f482a704c0_0, C4<00000000>, C4<00000000>, C4<00000000>;
v0x55f482a6fd60_0 .net "x", 7 0, v0x55f482a704c0_0;  alias, 1 drivers
v0x55f482a6fe60_0 .net "z", 7 0, L_0x55f482a83220;  alias, 1 drivers
S_0x55f482a6ffa0 .scope module, "s" "registro" 3 13, 6 1 0, S_0x55f482a4bc30;
 .timescale 0 0;
    .port_info 0 /OUTPUT 8 "s1"
    .port_info 1 /INPUT 8 "x"
    .port_info 2 /INPUT 1 "clk"
    .port_info 3 /INPUT 1 "enable"
P_0x55f482a70170 .param/l "N" 0 6 3, +C4<00000000000000000000000000000111>;
v0x55f482a70340_0 .net "clk", 0 0, v0x55f482a72340_0;  alias, 1 drivers
L_0x7f725a1881c8 .functor BUFT 1, C4<1>, C4<0>, C4<0>, C4<0>;
v0x55f482a70400_0 .net "enable", 0 0, L_0x7f725a1881c8;  1 drivers
v0x55f482a704c0_0 .var "registroN", 7 0;
v0x55f482a705b0_0 .net "s1", 7 0, v0x55f482a704c0_0;  alias, 1 drivers
v0x55f482a706a0_0 .net "x", 7 0, L_0x55f482a83090;  alias, 1 drivers
E_0x55f482a70240 .event posedge, v0x55f482a70340_0;
S_0x55f482a70830 .scope module, "s2" "registro" 3 11, 6 1 0, S_0x55f482a4bc30;
 .timescale 0 0;
    .port_info 0 /OUTPUT 8 "s1"
    .port_info 1 /INPUT 1 "x"
    .port_info 2 /INPUT 1 "clk"
    .port_info 3 /INPUT 1 "enable"
P_0x55f482a70a00 .param/l "N" 0 6 3, +C4<00000000000000000000000000000000>;
L_0x55f482a72af0 .functor BUFZ 8, v0x55f482a70cd0_0, C4<00000000>, C4<00000000>, C4<00000000>;
v0x55f482a70b40_0 .net "clk", 0 0, v0x55f482a72340_0;  alias, 1 drivers
L_0x7f725a1880a8 .functor BUFT 1, C4<1>, C4<0>, C4<0>, C4<0>;
v0x55f482a70c30_0 .net "enable", 0 0, L_0x7f725a1880a8;  1 drivers
v0x55f482a70cd0_0 .var "registroN", 7 0;
v0x55f482a70dc0_0 .net "s1", 7 0, L_0x55f482a72af0;  alias, 1 drivers
v0x55f482a70ea0_0 .net "x", 0 0, L_0x55f482a72970;  alias, 1 drivers
S_0x55f482a71040 .scope module, "somm" "alu" 3 12, 7 1 0, S_0x55f482a4bc30;
 .timescale 0 0;
    .port_info 0 /OUTPUT 8 "z"
    .port_info 1 /INPUT 8 "x"
    .port_info 2 /INPUT 1 "inalu"
    .port_info 3 /INPUT 1 "ic"
L_0x7f725a188210 .functor BUFT 1, C4<00000000000000000000000000000001>, C4<0>, C4<0>, C4<0>;
v0x55f482a712d0_0 .net *"_s0", 31 0, L_0x7f725a188210;  1 drivers
L_0x7f725a188138 .functor BUFT 1, C4<0000000>, C4<0>, C4<0>, C4<0>;
v0x55f482a713d0_0 .net *"_s11", 6 0, L_0x7f725a188138;  1 drivers
v0x55f482a714b0_0 .net *"_s12", 7 0, L_0x55f482a82ef0;  1 drivers
L_0x7f725a1880f0 .functor BUFT 1, C4<00000000000000000000000000000001>, C4<0>, C4<0>, C4<0>;
v0x55f482a71570_0 .net/2u *"_s4", 31 0, L_0x7f725a1880f0;  1 drivers
v0x55f482a71650_0 .net *"_s6", 0 0, L_0x55f482a82c60;  1 drivers
v0x55f482a71760_0 .net *"_s8", 7 0, L_0x55f482a82d80;  1 drivers
L_0x7f725a188180 .functor BUFT 1, C4<1>, C4<0>, C4<0>, C4<0>;
v0x55f482a71840_0 .net "ic", 0 0, L_0x7f725a188180;  1 drivers
v0x55f482a71900_0 .net "inalu", 0 0, L_0x55f482a72970;  alias, 1 drivers
v0x55f482a719f0_0 .net "x", 7 0, v0x55f482a704c0_0;  alias, 1 drivers
v0x55f482a71b40_0 .net "z", 7 0, L_0x55f482a83090;  alias, 1 drivers
L_0x55f482a82c60 .cmp/eq 32, L_0x7f725a188210, L_0x7f725a1880f0;
L_0x55f482a82d80 .concat [ 1 7 0 0], L_0x55f482a72970, L_0x7f725a188138;
L_0x55f482a82ef0 .arith/sum 8, v0x55f482a704c0_0, L_0x55f482a82d80;
L_0x55f482a83090 .delay 8 (2,2,2) L_0x55f482a83090/d;
L_0x55f482a83090/d .functor MUXZ 8, v0x55f482a704c0_0, L_0x55f482a82ef0, L_0x55f482a82c60, C4<>;
    .scope S_0x55f482a70830;
T_0 ;
    %pushi/vec4 0, 0, 8;
    %store/vec4 v0x55f482a70cd0_0, 0, 8;
    %end;
    .thread T_0;
    .scope S_0x55f482a70830;
T_1 ;
    %wait E_0x55f482a70240;
    %load/vec4 v0x55f482a70c30_0;
    %flag_set/vec4 8;
    %jmp/0xz  T_1.0, 8;
    %load/vec4 v0x55f482a70ea0_0;
    %pad/u 8;
    %store/vec4 v0x55f482a70cd0_0, 0, 8;
T_1.0 ;
    %jmp T_1;
    .thread T_1;
    .scope S_0x55f482a6ffa0;
T_2 ;
    %pushi/vec4 0, 0, 8;
    %store/vec4 v0x55f482a704c0_0, 0, 8;
    %end;
    .thread T_2;
    .scope S_0x55f482a6ffa0;
T_3 ;
    %wait E_0x55f482a70240;
    %load/vec4 v0x55f482a70400_0;
    %flag_set/vec4 8;
    %jmp/0xz  T_3.0, 8;
    %load/vec4 v0x55f482a706a0_0;
    %store/vec4 v0x55f482a704c0_0, 0, 8;
T_3.0 ;
    %jmp T_3;
    .thread T_3;
    .scope S_0x55f482a4a610;
T_4 ;
    %pushi/vec4 0, 0, 1;
    %store/vec4 v0x55f482a72340_0, 0, 1;
    %end;
    .thread T_4;
    .scope S_0x55f482a4a610;
T_5 ;
    %delay 7, 0;
    %pushi/vec4 1, 0, 1;
    %store/vec4 v0x55f482a72340_0, 0, 1;
    %delay 1, 0;
    %pushi/vec4 0, 0, 1;
    %store/vec4 v0x55f482a72340_0, 0, 1;
    %jmp T_5;
    .thread T_5;
    .scope S_0x55f482a4a610;
T_6 ;
    %vpi_call 2 19 "$dumpfile", "test.vcd" {0 0 0};
    %vpi_call 2 20 "$dumpvars" {0 0 0};
    %pushi/vec4 0, 0, 1;
    %ix/load 4, 0, 0;
    %flag_set/imm 4, 0;
    %store/vec4 v0x55f482a72400_0, 4, 1;
    %pushi/vec4 1, 0, 1;
    %ix/load 4, 1, 0;
    %flag_set/imm 4, 0;
    %store/vec4 v0x55f482a72400_0, 4, 1;
    %pushi/vec4 0, 0, 1;
    %ix/load 4, 2, 0;
    %flag_set/imm 4, 0;
    %store/vec4 v0x55f482a72400_0, 4, 1;
    %pushi/vec4 0, 0, 1;
    %ix/load 4, 0, 0;
    %flag_set/imm 4, 0;
    %store/vec4 v0x55f482a72510_0, 4, 1;
    %pushi/vec4 1, 0, 1;
    %ix/load 4, 1, 0;
    %flag_set/imm 4, 0;
    %store/vec4 v0x55f482a72510_0, 4, 1;
    %pushi/vec4 0, 0, 1;
    %ix/load 4, 2, 0;
    %flag_set/imm 4, 0;
    %store/vec4 v0x55f482a72510_0, 4, 1;
    %delay 7, 0;
    %pushi/vec4 1, 0, 1;
    %ix/load 4, 0, 0;
    %flag_set/imm 4, 0;
    %store/vec4 v0x55f482a72400_0, 4, 1;
    %pushi/vec4 1, 0, 1;
    %ix/load 4, 1, 0;
    %flag_set/imm 4, 0;
    %store/vec4 v0x55f482a72400_0, 4, 1;
    %pushi/vec4 0, 0, 1;
    %ix/load 4, 2, 0;
    %flag_set/imm 4, 0;
    %store/vec4 v0x55f482a72400_0, 4, 1;
    %pushi/vec4 1, 0, 1;
    %ix/load 4, 0, 0;
    %flag_set/imm 4, 0;
    %store/vec4 v0x55f482a72510_0, 4, 1;
    %pushi/vec4 1, 0, 1;
    %ix/load 4, 1, 0;
    %flag_set/imm 4, 0;
    %store/vec4 v0x55f482a72510_0, 4, 1;
    %pushi/vec4 0, 0, 1;
    %ix/load 4, 2, 0;
    %flag_set/imm 4, 0;
    %store/vec4 v0x55f482a72510_0, 4, 1;
    %delay 5, 0;
    %pushi/vec4 1, 0, 1;
    %ix/load 4, 0, 0;
    %flag_set/imm 4, 0;
    %store/vec4 v0x55f482a72400_0, 4, 1;
    %pushi/vec4 0, 0, 1;
    %ix/load 4, 1, 0;
    %flag_set/imm 4, 0;
    %store/vec4 v0x55f482a72400_0, 4, 1;
    %pushi/vec4 0, 0, 1;
    %ix/load 4, 2, 0;
    %flag_set/imm 4, 0;
    %store/vec4 v0x55f482a72400_0, 4, 1;
    %pushi/vec4 1, 0, 1;
    %ix/load 4, 0, 0;
    %flag_set/imm 4, 0;
    %store/vec4 v0x55f482a72510_0, 4, 1;
    %pushi/vec4 1, 0, 1;
    %ix/load 4, 1, 0;
    %flag_set/imm 4, 0;
    %store/vec4 v0x55f482a72510_0, 4, 1;
    %pushi/vec4 0, 0, 1;
    %ix/load 4, 2, 0;
    %flag_set/imm 4, 0;
    %store/vec4 v0x55f482a72510_0, 4, 1;
    %delay 7, 0;
    %pushi/vec4 1, 0, 1;
    %ix/load 4, 0, 0;
    %flag_set/imm 4, 0;
    %store/vec4 v0x55f482a72400_0, 4, 1;
    %pushi/vec4 1, 0, 1;
    %ix/load 4, 1, 0;
    %flag_set/imm 4, 0;
    %store/vec4 v0x55f482a72400_0, 4, 1;
    %pushi/vec4 0, 0, 1;
    %ix/load 4, 2, 0;
    %flag_set/imm 4, 0;
    %store/vec4 v0x55f482a72400_0, 4, 1;
    %pushi/vec4 1, 0, 1;
    %ix/load 4, 0, 0;
    %flag_set/imm 4, 0;
    %store/vec4 v0x55f482a72510_0, 4, 1;
    %pushi/vec4 1, 0, 1;
    %ix/load 4, 1, 0;
    %flag_set/imm 4, 0;
    %store/vec4 v0x55f482a72510_0, 4, 1;
    %pushi/vec4 0, 0, 1;
    %ix/load 4, 2, 0;
    %flag_set/imm 4, 0;
    %store/vec4 v0x55f482a72510_0, 4, 1;
    %delay 7, 0;
    %pushi/vec4 0, 0, 1;
    %ix/load 4, 0, 0;
    %flag_set/imm 4, 0;
    %store/vec4 v0x55f482a72400_0, 4, 1;
    %pushi/vec4 1, 0, 1;
    %ix/load 4, 1, 0;
    %flag_set/imm 4, 0;
    %store/vec4 v0x55f482a72400_0, 4, 1;
    %pushi/vec4 0, 0, 1;
    %ix/load 4, 2, 0;
    %flag_set/imm 4, 0;
    %store/vec4 v0x55f482a72400_0, 4, 1;
    %pushi/vec4 1, 0, 1;
    %ix/load 4, 0, 0;
    %flag_set/imm 4, 0;
    %store/vec4 v0x55f482a72510_0, 4, 1;
    %pushi/vec4 1, 0, 1;
    %ix/load 4, 1, 0;
    %flag_set/imm 4, 0;
    %store/vec4 v0x55f482a72510_0, 4, 1;
    %pushi/vec4 0, 0, 1;
    %ix/load 4, 2, 0;
    %flag_set/imm 4, 0;
    %store/vec4 v0x55f482a72510_0, 4, 1;
    %delay 7, 0;
    %pushi/vec4 1, 0, 1;
    %ix/load 4, 0, 0;
    %flag_set/imm 4, 0;
    %store/vec4 v0x55f482a72400_0, 4, 1;
    %pushi/vec4 1, 0, 1;
    %ix/load 4, 1, 0;
    %flag_set/imm 4, 0;
    %store/vec4 v0x55f482a72400_0, 4, 1;
    %pushi/vec4 0, 0, 1;
    %ix/load 4, 2, 0;
    %flag_set/imm 4, 0;
    %store/vec4 v0x55f482a72400_0, 4, 1;
    %pushi/vec4 1, 0, 1;
    %ix/load 4, 0, 0;
    %flag_set/imm 4, 0;
    %store/vec4 v0x55f482a72510_0, 4, 1;
    %pushi/vec4 1, 0, 1;
    %ix/load 4, 1, 0;
    %flag_set/imm 4, 0;
    %store/vec4 v0x55f482a72510_0, 4, 1;
    %pushi/vec4 0, 0, 1;
    %ix/load 4, 2, 0;
    %flag_set/imm 4, 0;
    %store/vec4 v0x55f482a72510_0, 4, 1;
    %delay 10, 0;
    %vpi_call 2 45 "$finish" {0 0 0};
    %end;
    .thread T_6;
# The file index is used to find the file name in the following table.
:file_names 8;
    "N/A";
    "<interactive>";
    "test.v";
    "ccu.sv";
    "confrontatore.sv";
    "omega.sv";
    "registro.sv";
    "alu.sv";
